#
# There is insufficient memory for the Java Runtime Environment to continue.
# Native memory allocation (malloc) failed to allocate 1048576 bytes for AllocateHeap
# Possible reasons:
#   The system is out of physical RAM or swap space
#   The process is running with CompressedOops enabled, and the Java Heap may be blocking the growth of the native heap
# Possible solutions:
#   Reduce memory load on the system
#   Increase physical memory or swap space
#   Check if swap backing store is full
#   Decrease Java heap size (-Xmx/-Xms)
#   Decrease number of Java threads
#   Decrease Java thread stack sizes (-Xss)
#   Set larger code cache with -XX:ReservedCodeCacheSize=
#   JVM is running with Unscaled Compressed Oops mode in which the Java heap is
#     placed in the first 4GB address space. The Java Heap base address is the
#     maximum limit for the native heap growth. Please use -XX:HeapBaseMinAddress
#     to set the Java Heap base and to place the Java Heap above 4GB virtual address.
# This output file may be truncated or incomplete.
#
#  Out of Memory Error (./src/hotspot/share/memory/allocation.cpp:46), pid=2116, tid=17060
#
# JRE version: OpenJDK Runtime Environment Corretto-11.0.11.9.1 (11.0.11+9) (build 11.0.11+9-LTS)
# Java VM: OpenJDK 64-Bit Server VM Corretto-11.0.11.9.1 (11.0.11+9-LTS, mixed mode, tiered, compressed oops, g1 gc, windows-amd64)
# No core dump will be written. Minidumps are not enabled by default on client versions of Windows
#

---------------  S U M M A R Y ------------

Command Line: C:\Users\haris\AppData\Local\Temp\surefire1814254628815623718\surefirebooter-20221118103905955_3.jar C:\Users\haris\AppData\Local\Temp\surefire1814254628815623718 2022-11-18T10-39-04_574-jvmRun1 surefire-20221118103905955_1tmp surefire_0-20221118103905955_2tmp

Host: Intel(R) Core(TM) i5-4200U CPU @ 1.60GHz, 4 cores, 3G,  Windows 10 , 64 bit Build 19041 (10.0.19041.2251)
Time: Fri Nov 18 10:39:52 2022 India Standard Time elapsed time: 46.243215 seconds (0d 0h 0m 46s)

---------------  T H R E A D  ---------------

Current thread (0x0000013bfc652000):  VMThread "VM Thread" [stack: 0x0000000db5900000,0x0000000db5a00000] [id=17060]

Stack: [0x0000000db5900000,0x0000000db5a00000]
[error occurred during error reporting (printing stack bounds), id 0xc0000005, EXCEPTION_ACCESS_VIOLATION (0xc0000005) at pc=0x0000013b88630f2d]

Native frames: (J=compiled Java code, j=interpreted, Vv=VM code, C=native code)
V  [jvm.dll+0x5f867a]
V  [jvm.dll+0x78124e]
V  [jvm.dll+0x78291f]
V  [jvm.dll+0x782f45]
V  [jvm.dll+0x782efb]
V  [jvm.dll+0x5f7b63]
V  [jvm.dll+0x5f8278]
C  [ntdll.dll+0xa241f]
C  [ntdll.dll+0x514a4]
C  [ntdll.dll+0xa0f4e]
C  0x0000013b88630f2d

VM_Operation (0x0000000db53fb2a0): CollectForMetadataAllocation, mode: safepoint, requested by thread 0x0000013bf7b19800


---------------  P R O C E S S  ---------------

Threads class SMR info:
_java_thread_list=0x0000013bfd3c3e80, length=25, elements={
0x0000013bf7b19800, 0x0000013bfc658000, 0x0000013bfc661000, 0x0000013bfc676000,
0x0000013bfc677000, 0x0000013bfc677800, 0x0000013bfc67a000, 0x0000013bfc684800,
0x0000013bfc692000, 0x0000013bfd14c000, 0x0000013bfd378000, 0x0000013bfd7c5800,
0x0000013bfe0e5000, 0x0000013bfda6d000, 0x0000013bfe725000, 0x0000013bfe54f800,
0x0000013bfe65c800, 0x0000013bfea32000, 0x0000013bfe814800, 0x0000013bfe981000,
0x0000013bfe982000, 0x0000013bfe986000, 0x0000013bfe983800, 0x0000013bfe984800,
0x0000013bfed7e000
}

Java Threads: ( => current thread )
  0x0000013bf7b19800 JavaThread "main" [_thread_blocked, id=7956, stack(0x0000000db5300000,0x0000000db5400000)]
  0x0000013bfc658000 JavaThread "Reference Handler" daemon [_thread_blocked, id=7796, stack(0x0000000db5a00000,0x0000000db5b00000)]
  0x0000013bfc661000 JavaThread "Finalizer" daemon [_thread_blocked, id=4180, stack(0x0000000db5b00000,0x0000000db5c00000)]
  0x0000013bfc676000 JavaThread "Signal Dispatcher" daemon [_thread_blocked, id=10580, stack(0x0000000db5c00000,0x0000000db5d00000)]
  0x0000013bfc677000 JavaThread "Attach Listener" daemon [_thread_blocked, id=20020, stack(0x0000000db5d00000,0x0000000db5e00000)]
  0x0000013bfc677800 JavaThread "Service Thread" daemon [_thread_blocked, id=7908, stack(0x0000000db5e00000,0x0000000db5f00000)]
  0x0000013bfc67a000 JavaThread "C2 CompilerThread0" daemon [_thread_blocked, id=18992, stack(0x0000000db5f00000,0x0000000db6000000)]
  0x0000013bfc684800 JavaThread "C1 CompilerThread0" daemon [_thread_blocked, id=32, stack(0x0000000db6000000,0x0000000db6100000)]
  0x0000013bfc692000 JavaThread "Sweeper thread" daemon [_thread_blocked, id=18332, stack(0x0000000db6100000,0x0000000db6200000)]
  0x0000013bfd14c000 JavaThread "Common-Cleaner" daemon [_thread_blocked, id=9336, stack(0x0000000db6300000,0x0000000db6400000)]
  0x0000013bfd378000 JavaThread "surefire-forkedjvm-stream-flusher" daemon [_thread_blocked, id=1404, stack(0x0000000db6400000,0x0000000db6500000)]
  0x0000013bfd7c5800 JavaThread "surefire-forkedjvm-command-thread" daemon [_thread_in_native, id=6680, stack(0x0000000db6500000,0x0000000db6600000)]
  0x0000013bfe0e5000 JavaThread "ForkJoinPool.commonPool-worker-3" daemon [_thread_blocked, id=4400, stack(0x0000000db6800000,0x0000000db6900000)]
  0x0000013bfda6d000 JavaThread "ForkJoinPool.commonPool-worker-5" daemon [_thread_blocked, id=8128, stack(0x0000000db6900000,0x0000000db6a00000)]
  0x0000013bfe725000 JavaThread "AsyncHttpClient-1-1" daemon [_thread_blocked, id=18108, stack(0x0000000db6a00000,0x0000000db6b00000)]
  0x0000013bfe54f800 JavaThread "Exec Default Executor" daemon [_thread_in_native, id=14340, stack(0x0000000db6b00000,0x0000000db6c00000)]
  0x0000013bfe65c800 JavaThread "Driver Service Executor" daemon [_thread_blocked, id=17072, stack(0x0000000db6c00000,0x0000000db6d00000)]
  0x0000013bfea32000 JavaThread "Driver Service Executor" daemon [_thread_blocked, id=17820, stack(0x0000000db6d00000,0x0000000db6e00000)]
  0x0000013bfe814800 JavaThread "UrlChecker-2" daemon [_thread_blocked, id=11496, stack(0x0000000db6e00000,0x0000000db6f00000)]
  0x0000013bfe981000 JavaThread "Exec Stream Pumper" daemon [_thread_in_native, id=20184, stack(0x0000000db7000000,0x0000000db7100000)]
  0x0000013bfe982000 JavaThread "Exec Stream Pumper" daemon [_thread_in_native, id=19852, stack(0x0000000db7100000,0x0000000db7200000)]
  0x0000013bfe986000 JavaThread "AsyncHttpClient-1-2" daemon [_thread_in_native, id=8224, stack(0x0000000db7200000,0x0000000db7300000)]
  0x0000013bfe983800 JavaThread "AsyncHttpClient-1-3" daemon [_thread_in_native, id=12640, stack(0x0000000db6700000,0x0000000db6800000)]
  0x0000013bfe984800 JavaThread "AsyncHttpClient-1-4" daemon [_thread_in_native, id=19188, stack(0x0000000db7300000,0x0000000db7400000)]
  0x0000013bfed7e000 JavaThread "C2 CompilerThread1" daemon [_thread_blocked, id=6644, stack(0x0000000db7600000,0x0000000db7700000)]

Other Threads:
=>0x0000013bfc652000 VMThread "VM Thread" [stack: 0x0000000db5900000,0x0000000db5a00000] [id=17060]
  0x0000013bfd14b800 WatcherThread [stack: 0x0000000db6200000,0x0000000db6300000] [id=2904]
  0x0000013bf7b32800 GCTaskThread "GC Thread#0" [stack: 0x0000000db5400000,0x0000000db5500000] [id=18892]
  0x0000013bfd82d800 GCTaskThread "GC Thread#1" [stack: 0x0000000db6600000,0x0000000db6700000] [id=12892]
  0x0000013bf7b4c800 ConcurrentGCThread "G1 Main Marker" [stack: 0x0000000db5500000,0x0000000db5600000] [id=13984]
  0x0000013bf7b4d800 ConcurrentGCThread "G1 Conc#0" [stack: 0x0000000db5600000,0x0000000db5700000] [id=16348]
  0x0000013bf7bd9800 ConcurrentGCThread "G1 Refine#0" [stack: 0x0000000db5700000,0x0000000db5800000] [id=4744]
  0x0000013bf7bdb800 ConcurrentGCThread "G1 Young RemSet Sampling" [stack: 0x0000000db5800000,0x0000000db5900000] [id=15648]

Threads with active compile tasks:

VM state:at safepoint (normal execution)

VM Mutex/Monitor currently owned by a thread:  ([mutex/lock_event])
[0x0000013bf7b15c20] Threads_lock - owner thread: 0x0000013bfc652000
[0x0000013bf7b16b50] Heap_lock - owner thread: 0x0000013bf7b19800

Heap address: 0x00000000c1000000, size: 1008 MB, Compressed Oops mode: 32-bit
Narrow klass base: 0x0000000000000000, Narrow klass shift: 3
Compressed class space size: 1073741824 Address: 0x0000000100000000

Heap:
 garbage-first heap   total 78848K, used 23245K [0x00000000c1000000, 0x0000000100000000)
  region size 1024K, 4 young (4096K), 4 survivors (4096K)
 Metaspace       used 40482K, capacity 41437K, committed 41596K, reserved 1093632K
  class space    used 4740K, capacity 5177K, committed 5296K, reserved 1048576K
Heap Regions: E=young(eden), S=young(survivor), O=old, HS=humongous(starts), HC=humongous(continues), CS=collection set, F=free, A=archive, TAMS=top-at-mark-start (previous, next)
|   0|0x00000000c1000000, 0x00000000c1100000, 0x00000000c1100000|100%|HS|  |TAMS 0x00000000c1100000, 0x00000000c1100000| Complete 
|   1|0x00000000c1100000, 0x00000000c1200000, 0x00000000c1200000|100%| O|  |TAMS 0x00000000c1200000, 0x00000000c1200000| Untracked 
|   2|0x00000000c1200000, 0x00000000c1300000, 0x00000000c1300000|100%| O|  |TAMS 0x00000000c1300000, 0x00000000c1300000| Untracked 
|   3|0x00000000c1300000, 0x00000000c1400000, 0x00000000c1400000|100%| O|  |TAMS 0x00000000c1400000, 0x00000000c1400000| Untracked 
|   4|0x00000000c1400000, 0x00000000c1500000, 0x00000000c1500000|100%| O|  |TAMS 0x00000000c1500000, 0x00000000c1500000| Untracked 
|   5|0x00000000c1500000, 0x00000000c1600000, 0x00000000c1600000|100%| O|  |TAMS 0x00000000c1600000, 0x00000000c1600000| Untracked 
|   6|0x00000000c1600000, 0x00000000c1700000, 0x00000000c1700000|100%| O|  |TAMS 0x00000000c1700000, 0x00000000c1700000| Untracked 
|   7|0x00000000c1700000, 0x00000000c1800000, 0x00000000c1800000|100%| O|  |TAMS 0x00000000c1800000, 0x00000000c1800000| Untracked 
|   8|0x00000000c1800000, 0x00000000c1900000, 0x00000000c1900000|100%| O|  |TAMS 0x00000000c1900000, 0x00000000c1900000| Untracked 
|   9|0x00000000c1900000, 0x00000000c1a00000, 0x00000000c1a00000|100%| O|  |TAMS 0x00000000c1a00000, 0x00000000c1a00000| Untracked 
|  10|0x00000000c1a00000, 0x00000000c1b00000, 0x00000000c1b00000|100%| O|  |TAMS 0x00000000c1b00000, 0x00000000c1b00000| Untracked 
|  11|0x00000000c1b00000, 0x00000000c1c00000, 0x00000000c1c00000|100%|HS|  |TAMS 0x00000000c1c00000, 0x00000000c1c00000| Complete 
|  12|0x00000000c1c00000, 0x00000000c1d00000, 0x00000000c1d00000|100%|HC|  |TAMS 0x00000000c1d00000, 0x00000000c1d00000| Complete 
|  13|0x00000000c1d00000, 0x00000000c1e00000, 0x00000000c1e00000|100%|HC|  |TAMS 0x00000000c1e00000, 0x00000000c1e00000| Complete 
|  14|0x00000000c1e00000, 0x00000000c1f00000, 0x00000000c1f00000|100%|HC|  |TAMS 0x00000000c1f00000, 0x00000000c1f00000| Complete 
|  15|0x00000000c1f00000, 0x00000000c2000000, 0x00000000c2000000|100%|HC|  |TAMS 0x00000000c2000000, 0x00000000c2000000| Complete 
|  16|0x00000000c2000000, 0x00000000c2100000, 0x00000000c2100000|100%| O|  |TAMS 0x00000000c2100000, 0x00000000c2100000| Untracked 
|  17|0x00000000c2100000, 0x00000000c2200000, 0x00000000c2200000|100%| O|  |TAMS 0x00000000c21b0200, 0x00000000c2200000| Untracked 
|  18|0x00000000c2200000, 0x00000000c2300000, 0x00000000c2300000|100%| O|  |TAMS 0x00000000c2200000, 0x00000000c2300000| Untracked 
|  19|0x00000000c2300000, 0x00000000c2300000, 0x00000000c2400000|  0%| F|  |TAMS 0x00000000c2300000, 0x00000000c2300000| Untracked 
|  20|0x00000000c2400000, 0x00000000c2400000, 0x00000000c2500000|  0%| F|  |TAMS 0x00000000c2400000, 0x00000000c2400000| Untracked 
|  21|0x00000000c2500000, 0x00000000c2500000, 0x00000000c2600000|  0%| F|  |TAMS 0x00000000c2500000, 0x00000000c2500000| Untracked 
|  22|0x00000000c2600000, 0x00000000c2600000, 0x00000000c2700000|  0%| F|  |TAMS 0x00000000c2600000, 0x00000000c2600000| Untracked 
|  23|0x00000000c2700000, 0x00000000c2700000, 0x00000000c2800000|  0%| F|  |TAMS 0x00000000c2700000, 0x00000000c2700000| Untracked 
|  24|0x00000000c2800000, 0x00000000c2800000, 0x00000000c2900000|  0%| F|  |TAMS 0x00000000c2800000, 0x00000000c2800000| Untracked 
|  25|0x00000000c2900000, 0x00000000c2900000, 0x00000000c2a00000|  0%| F|  |TAMS 0x00000000c2900000, 0x00000000c2900000| Untracked 
|  26|0x00000000c2a00000, 0x00000000c2a00000, 0x00000000c2b00000|  0%| F|  |TAMS 0x00000000c2a00000, 0x00000000c2a00000| Untracked 
|  27|0x00000000c2b00000, 0x00000000c2b00000, 0x00000000c2c00000|  0%| F|  |TAMS 0x00000000c2b00000, 0x00000000c2b00000| Untracked 
|  28|0x00000000c2c00000, 0x00000000c2c00000, 0x00000000c2d00000|  0%| F|  |TAMS 0x00000000c2c00000, 0x00000000c2c00000| Untracked 
|  29|0x00000000c2d00000, 0x00000000c2d00000, 0x00000000c2e00000|  0%| F|  |TAMS 0x00000000c2d00000, 0x00000000c2d00000| Untracked 
|  30|0x00000000c2e00000, 0x00000000c2e00000, 0x00000000c2f00000|  0%| F|  |TAMS 0x00000000c2e00000, 0x00000000c2e00000| Untracked 
|  31|0x00000000c2f00000, 0x00000000c2f00000, 0x00000000c3000000|  0%| F|  |TAMS 0x00000000c2f00000, 0x00000000c2f00000| Untracked 
|  32|0x00000000c3000000, 0x00000000c3000000, 0x00000000c3100000|  0%| F|  |TAMS 0x00000000c3000000, 0x00000000c3000000| Untracked 
|  33|0x00000000c3100000, 0x00000000c3100000, 0x00000000c3200000|  0%| F|  |TAMS 0x00000000c3100000, 0x00000000c3100000| Untracked 
|  34|0x00000000c3200000, 0x00000000c3200000, 0x00000000c3300000|  0%| F|  |TAMS 0x00000000c3200000, 0x00000000c3200000| Untracked 
|  35|0x00000000c3300000, 0x00000000c3300000, 0x00000000c3400000|  0%| F|  |TAMS 0x00000000c3300000, 0x00000000c3300000| Untracked 
|  36|0x00000000c3400000, 0x00000000c3400000, 0x00000000c3500000|  0%| F|  |TAMS 0x00000000c3400000, 0x00000000c3400000| Untracked 
|  37|0x00000000c3500000, 0x00000000c3500000, 0x00000000c3600000|  0%| F|  |TAMS 0x00000000c3500000, 0x00000000c3500000| Untracked 
|  38|0x00000000c3600000, 0x00000000c3600000, 0x00000000c3700000|  0%| F|  |TAMS 0x00000000c3600000, 0x00000000c3600000| Untracked 
|  39|0x00000000c3700000, 0x00000000c3700000, 0x00000000c3800000|  0%| F|  |TAMS 0x00000000c3700000, 0x00000000c3700000| Untracked 
|  40|0x00000000c3800000, 0x00000000c3800000, 0x00000000c3900000|  0%| F|  |TAMS 0x00000000c3800000, 0x00000000c3800000| Untracked 
|  41|0x00000000c3900000, 0x00000000c3900000, 0x00000000c3a00000|  0%| F|  |TAMS 0x00000000c3900000, 0x00000000c3900000| Untracked 
|  42|0x00000000c3a00000, 0x00000000c3a00000, 0x00000000c3b00000|  0%| F|  |TAMS 0x00000000c3a00000, 0x00000000c3a00000| Untracked 
|  43|0x00000000c3b00000, 0x00000000c3b00000, 0x00000000c3c00000|  0%| F|  |TAMS 0x00000000c3b00000, 0x00000000c3b00000| Untracked 
|  44|0x00000000c3c00000, 0x00000000c3c00000, 0x00000000c3d00000|  0%| F|  |TAMS 0x00000000c3c00000, 0x00000000c3c00000| Untracked 
|  45|0x00000000c3d00000, 0x00000000c3d00000, 0x00000000c3e00000|  0%| F|  |TAMS 0x00000000c3d00000, 0x00000000c3d00000| Untracked 
|  46|0x00000000c3e00000, 0x00000000c3e00000, 0x00000000c3f00000|  0%| F|  |TAMS 0x00000000c3e00000, 0x00000000c3e00000| Untracked 
|  47|0x00000000c3f00000, 0x00000000c3f00000, 0x00000000c4000000|  0%| F|  |TAMS 0x00000000c3f00000, 0x00000000c3f00000| Untracked 
|  48|0x00000000c4000000, 0x00000000c4000000, 0x00000000c4100000|  0%| F|  |TAMS 0x00000000c4000000, 0x00000000c4000000| Untracked 
|  49|0x00000000c4100000, 0x00000000c4100000, 0x00000000c4200000|  0%| F|  |TAMS 0x00000000c4100000, 0x00000000c4100000| Untracked 
|  50|0x00000000c4200000, 0x00000000c4200000, 0x00000000c4300000|  0%| F|  |TAMS 0x00000000c4200000, 0x00000000c4200000| Untracked 
|  51|0x00000000c4300000, 0x00000000c4300000, 0x00000000c4400000|  0%| F|  |TAMS 0x00000000c4300000, 0x00000000c4300000| Untracked 
|  52|0x00000000c4400000, 0x00000000c4400000, 0x00000000c4500000|  0%| F|  |TAMS 0x00000000c4400000, 0x00000000c4400000| Untracked 
|  53|0x00000000c4500000, 0x00000000c4500000, 0x00000000c4600000|  0%| F|  |TAMS 0x00000000c4500000, 0x00000000c4500000| Untracked 
|  54|0x00000000c4600000, 0x00000000c4600000, 0x00000000c4700000|  0%| F|  |TAMS 0x00000000c4600000, 0x00000000c4600000| Untracked 
|  55|0x00000000c4700000, 0x00000000c4700000, 0x00000000c4800000|  0%| F|  |TAMS 0x00000000c4700000, 0x00000000c4700000| Untracked 
|  56|0x00000000c4800000, 0x00000000c4800000, 0x00000000c4900000|  0%| F|  |TAMS 0x00000000c4800000, 0x00000000c4800000| Untracked 
|  57|0x00000000c4900000, 0x00000000c4900000, 0x00000000c4a00000|  0%| F|  |TAMS 0x00000000c4900000, 0x00000000c4900000| Untracked 
|  58|0x00000000c4a00000, 0x00000000c4a00000, 0x00000000c4b00000|  0%| F|  |TAMS 0x00000000c4a00000, 0x00000000c4a00000| Untracked 
|  59|0x00000000c4b00000, 0x00000000c4b00000, 0x00000000c4c00000|  0%| F|  |TAMS 0x00000000c4b00000, 0x00000000c4b00000| Untracked 
|  60|0x00000000c4c00000, 0x00000000c4cb37f0, 0x00000000c4d00000| 70%| S|CS|TAMS 0x00000000c4c00000, 0x00000000c4c00000| Complete 
|  61|0x00000000c4d00000, 0x00000000c4e00000, 0x00000000c4e00000|100%| S|CS|TAMS 0x00000000c4d00000, 0x00000000c4d00000| Complete 
|  62|0x00000000c4e00000, 0x00000000c4f00000, 0x00000000c4f00000|100%| S|CS|TAMS 0x00000000c4e00000, 0x00000000c4e00000| Complete 
|  63|0x00000000c4f00000, 0x00000000c5000000, 0x00000000c5000000|100%| S|CS|TAMS 0x00000000c4f00000, 0x00000000c4f00000| Complete 
|  64|0x00000000c5000000, 0x00000000c5000000, 0x00000000c5100000|  0%| F|  |TAMS 0x00000000c5000000, 0x00000000c5000000| Untracked 
|  65|0x00000000c5100000, 0x00000000c5100000, 0x00000000c5200000|  0%| F|  |TAMS 0x00000000c5100000, 0x00000000c5100000| Untracked 
|  66|0x00000000c5200000, 0x00000000c5200000, 0x00000000c5300000|  0%| F|  |TAMS 0x00000000c5200000, 0x00000000c5200000| Untracked 
|  67|0x00000000c5300000, 0x00000000c5300000, 0x00000000c5400000|  0%| F|  |TAMS 0x00000000c5300000, 0x00000000c5300000| Untracked 
|  68|0x00000000c5400000, 0x00000000c5400000, 0x00000000c5500000|  0%| F|  |TAMS 0x00000000c5400000, 0x00000000c5400000| Untracked 
|  69|0x00000000c5500000, 0x00000000c5500000, 0x00000000c5600000|  0%| F|  |TAMS 0x00000000c5500000, 0x00000000c5500000| Untracked 
|  70|0x00000000c5600000, 0x00000000c5600000, 0x00000000c5700000|  0%| F|  |TAMS 0x00000000c5600000, 0x00000000c5600000| Untracked 
|  71|0x00000000c5700000, 0x00000000c5700000, 0x00000000c5800000|  0%| F|  |TAMS 0x00000000c5700000, 0x00000000c5700000| Untracked 
|  72|0x00000000c5800000, 0x00000000c5800000, 0x00000000c5900000|  0%| F|  |TAMS 0x00000000c5800000, 0x00000000c5800000| Untracked 
|  73|0x00000000c5900000, 0x00000000c5900000, 0x00000000c5a00000|  0%| F|  |TAMS 0x00000000c5900000, 0x00000000c5900000| Untracked 
|  74|0x00000000c5a00000, 0x00000000c5a00000, 0x00000000c5b00000|  0%| F|  |TAMS 0x00000000c5a00000, 0x00000000c5a00000| Untracked 
|  75|0x00000000c5b00000, 0x00000000c5b00000, 0x00000000c5c00000|  0%| F|  |TAMS 0x00000000c5b00000, 0x00000000c5b00000| Untracked 
|  76|0x00000000c5c00000, 0x00000000c5c00000, 0x00000000c5d00000|  0%| F|  |TAMS 0x00000000c5c00000, 0x00000000c5c00000| Untracked 

Card table byte_map: [0x0000013bf7df0000,0x0000013bf7ff0000] _byte_map_base: 0x0000013bf77e8000

Marking Bits (Prev, Next): (CMBitMap*) 0x0000013bf7b47828, (CMBitMap*) 0x0000013bf7b47860
 Prev Bits: [0x0000013bf81f0000, 0x0000013bf91b0000)
 Next Bits: [0x0000013bf91b0000, 0x0000013bfa170000)

Polling page: 0x0000013bf5220000

Metaspace:

Usage:
  Non-class:     35.41 MB capacity,    34.90 MB ( 99%) used,   398.06 KB (  1%) free+waste,   120.50 KB ( <1%) overhead. 
      Class:      5.06 MB capacity,     4.63 MB ( 92%) used,   375.81 KB (  7%) free+waste,    60.56 KB (  1%) overhead. 
       Both:     40.47 MB capacity,    39.53 MB ( 98%) used,   773.88 KB (  2%) free+waste,   181.06 KB ( <1%) overhead. 

Virtual space:
  Non-class space:       44.00 MB reserved,      35.45 MB ( 81%) committed 
      Class space:        1.00 GB reserved,       5.17 MB ( <1%) committed 
             Both:        1.04 GB reserved,      40.62 MB (  4%) committed 

Chunk freelists:
   Non-Class:  40.00 KB
       Class:  39.00 KB
        Both:  79.00 KB

MaxMetaspaceSize: 17179869184.00 GB
CompressedClassSpaceSize: 1.00 GB

CodeHeap 'non-profiled nmethods': size=120064Kb used=1437Kb max_used=1437Kb free=118626Kb
 bounds [0x0000013b900f0000, 0x0000013b90360000, 0x0000013b97630000]
CodeHeap 'profiled nmethods': size=120000Kb used=6433Kb max_used=6433Kb free=113566Kb
 bounds [0x0000013b88bc0000, 0x0000013b89210000, 0x0000013b900f0000]
CodeHeap 'non-nmethods': size=5696Kb used=1223Kb max_used=1245Kb free=4472Kb
 bounds [0x0000013b88630000, 0x0000013b888a0000, 0x0000013b88bc0000]
 total_blobs=3712 nmethods=3121 adapters=502
 compilation: enabled
              stopped_count=0, restarted_count=0
 full_count=0

Compilation events (20 events):
Event: 46.188 Thread 0x0000013bfc684800 nmethod 3117 0x0000013b89202e90 code [0x0000013b892030c0, 0x0000013b89203768]
Event: 46.188 Thread 0x0000013bfc684800 3123       3       com.sun.org.apache.xerces.internal.impl.XMLDocumentFragmentScannerImpl$FragmentContentDriver::startOfMarkup (280 bytes)
Event: 46.190 Thread 0x0000013bfc684800 nmethod 3123 0x0000013b89203990 code [0x0000013b89203cc0, 0x0000013b89204ce8]
Event: 46.190 Thread 0x0000013bfc684800 3126       3       org.apache.xmlbeans.impl.schema.SchemaTypeSystemImpl$XsbReader::readBigInteger (54 bytes)
Event: 46.191 Thread 0x0000013bfc684800 nmethod 3126 0x0000013b89205290 code [0x0000013b89205480, 0x0000013b89205878]
Event: 46.191 Thread 0x0000013bfc684800 3124   !   3       java.util.Collections$SynchronizedMap::put (28 bytes)
Event: 46.191 Thread 0x0000013bfc684800 nmethod 3124 0x0000013b89205a10 code [0x0000013b89205be0, 0x0000013b89205f28]
Event: 46.200 Thread 0x0000013bfc67a000 nmethod 3095 0x0000013b90255810 code [0x0000013b90255a20, 0x0000013b90256c68]
Event: 46.207 Thread 0x0000013bfc684800 3127   !   3       java.lang.Class::desiredAssertionStatus (54 bytes)
Event: 46.208 Thread 0x0000013bfc684800 nmethod 3127 0x0000013b89206090 code [0x0000013b892062a0, 0x0000013b89206858]
Event: 46.212 Thread 0x0000013bfc684800 3128       3       org.apache.xmlbeans.impl.store.Xobj::isVacant (8 bytes)
Event: 46.213 Thread 0x0000013bfc684800 nmethod 3128 0x0000013b89206a10 code [0x0000013b89206bc0, 0x0000013b89206d78]
Event: 46.213 Thread 0x0000013bfc684800 3129       3       org.apache.xmlbeans.impl.store.Xobj::isValid (25 bytes)
Event: 46.213 Thread 0x0000013bfc684800 nmethod 3129 0x0000013b89206e10 code [0x0000013b89206fe0, 0x0000013b892072d8]
Event: 46.213 Thread 0x0000013bfc684800 3130       3       javax.xml.namespace.QName::equals (59 bytes)
Event: 46.214 Thread 0x0000013bfc684800 nmethod 3130 0x0000013b89207390 code [0x0000013b89207580, 0x0000013b89207a58]
Event: 46.214 Thread 0x0000013bfc684800 3131       3       org.apache.xmlbeans.impl.store.Xobj::isContainer (8 bytes)
Event: 46.214 Thread 0x0000013bfc684800 nmethod 3131 0x0000013b89207b90 code [0x0000013b89207d60, 0x0000013b89207fb8]
Event: 46.214 Thread 0x0000013bfc684800 3132       3       org.apache.xmlbeans.impl.store.Cur::kindIsContainer (16 bytes)
Event: 46.214 Thread 0x0000013bfc684800 nmethod 3132 0x0000013b89208090 code [0x0000013b89208240, 0x0000013b892083b8]

GC Heap History (20 events):
Event: 0.734 GC heap before
{Heap before GC invocations=0 (full 0):
 garbage-first heap   total 65536K, used 14336K [0x00000000c1000000, 0x0000000100000000)
  region size 1024K, 14 young (14336K), 0 survivors (0K)
 Metaspace       used 9571K, capacity 9726K, committed 9984K, reserved 1058816K
  class space    used 873K, capacity 923K, committed 1024K, reserved 1048576K
}
Event: 0.743 GC heap after
{Heap after GC invocations=1 (full 0):
 garbage-first heap   total 65536K, used 7365K [0x00000000c1000000, 0x0000000100000000)
  region size 1024K, 2 young (2048K), 2 survivors (2048K)
 Metaspace       used 9571K, capacity 9726K, committed 9984K, reserved 1058816K
  class space    used 873K, capacity 923K, committed 1024K, reserved 1048576K
}
Event: 1.630 GC heap before
{Heap before GC invocations=1 (full 0):
 garbage-first heap   total 65536K, used 16581K [0x00000000c1000000, 0x0000000100000000)
  region size 1024K, 11 young (11264K), 2 survivors (2048K)
 Metaspace       used 12450K, capacity 12608K, committed 12800K, reserved 1060864K
  class space    used 1205K, capacity 1272K, committed 1280K, reserved 1048576K
}
Event: 1.635 GC heap after
{Heap after GC invocations=2 (full 0):
 garbage-first heap   total 65536K, used 8101K [0x00000000c1000000, 0x0000000100000000)
  region size 1024K, 1 young (1024K), 1 survivors (1024K)
 Metaspace       used 12450K, capacity 12608K, committed 12800K, reserved 1060864K
  class space    used 1205K, capacity 1272K, committed 1280K, reserved 1048576K
}
Event: 2.157 GC heap before
{Heap before GC invocations=2 (full 0):
 garbage-first heap   total 65536K, used 27557K [0x00000000c1000000, 0x0000000100000000)
  region size 1024K, 21 young (21504K), 1 survivors (1024K)
 Metaspace       used 16102K, capacity 16447K, committed 16640K, reserved 1064960K
  class space    used 1611K, capacity 1750K, committed 1792K, reserved 1048576K
}
Event: 2.162 GC heap after
{Heap after GC invocations=3 (full 0):
 garbage-first heap   total 65536K, used 8988K [0x00000000c1000000, 0x0000000100000000)
  region size 1024K, 2 young (2048K), 2 survivors (2048K)
 Metaspace       used 16102K, capacity 16447K, committed 16640K, reserved 1064960K
  class space    used 1611K, capacity 1750K, committed 1792K, reserved 1048576K
}
Event: 2.675 GC heap before
{Heap before GC invocations=3 (full 0):
 garbage-first heap   total 65536K, used 31516K [0x00000000c1000000, 0x0000000100000000)
  region size 1024K, 25 young (25600K), 2 survivors (2048K)
 Metaspace       used 18723K, capacity 19150K, committed 19328K, reserved 1067008K
  class space    used 1940K, capacity 2100K, committed 2176K, reserved 1048576K
}
Event: 2.684 GC heap after
{Heap after GC invocations=4 (full 0):
 garbage-first heap   total 65536K, used 9593K [0x00000000c1000000, 0x0000000100000000)
  region size 1024K, 3 young (3072K), 3 survivors (3072K)
 Metaspace       used 18723K, capacity 19150K, committed 19328K, reserved 1067008K
  class space    used 1940K, capacity 2100K, committed 2176K, reserved 1048576K
}
Event: 2.990 GC heap before
{Heap before GC invocations=4 (full 0):
 garbage-first heap   total 65536K, used 18809K [0x00000000c1000000, 0x0000000100000000)
  region size 1024K, 13 young (13312K), 3 survivors (3072K)
 Metaspace       used 20725K, capacity 21185K, committed 21296K, reserved 1069056K
  class space    used 2141K, capacity 2306K, committed 2352K, reserved 1048576K
}
Event: 3.000 GC heap after
{Heap after GC invocations=5 (full 0):
 garbage-first heap   total 65536K, used 11069K [0x00000000c1000000, 0x0000000100000000)
  region size 1024K, 3 young (3072K), 3 survivors (3072K)
 Metaspace       used 20725K, capacity 21185K, committed 21296K, reserved 1069056K
  class space    used 2141K, capacity 2306K, committed 2352K, reserved 1048576K
}
Event: 3.697 GC heap before
{Heap before GC invocations=6 (full 0):
 garbage-first heap   total 65536K, used 39741K [0x00000000c1000000, 0x0000000100000000)
  region size 1024K, 31 young (31744K), 3 survivors (3072K)
 Metaspace       used 24490K, capacity 24975K, committed 25212K, reserved 1071104K
  class space    used 2670K, capacity 2867K, committed 2992K, reserved 1048576K
}
Event: 3.710 GC heap after
{Heap after GC invocations=7 (full 0):
 garbage-first heap   total 65536K, used 13105K [0x00000000c1000000, 0x0000000100000000)
  region size 1024K, 4 young (4096K), 4 survivors (4096K)
 Metaspace       used 24490K, capacity 24975K, committed 25212K, reserved 1071104K
  class space    used 2670K, capacity 2867K, committed 2992K, reserved 1048576K
}
Event: 6.587 GC heap before
{Heap before GC invocations=7 (full 0):
 garbage-first heap   total 65536K, used 41777K [0x00000000c1000000, 0x0000000100000000)
  region size 1024K, 32 young (32768K), 4 survivors (4096K)
 Metaspace       used 30658K, capacity 31416K, committed 31740K, reserved 1077248K
  class space    used 3475K, capacity 3772K, committed 3888K, reserved 1048576K
}
Event: 6.598 GC heap after
{Heap after GC invocations=8 (full 0):
 garbage-first heap   total 78848K, used 14197K [0x00000000c1000000, 0x0000000100000000)
  region size 1024K, 3 young (3072K), 3 survivors (3072K)
 Metaspace       used 30658K, capacity 31416K, committed 31740K, reserved 1077248K
  class space    used 3475K, capacity 3772K, committed 3888K, reserved 1048576K
}
Event: 32.049 GC heap before
{Heap before GC invocations=8 (full 0):
 garbage-first heap   total 78848K, used 46965K [0x00000000c1000000, 0x0000000100000000)
  region size 1024K, 31 young (31744K), 3 survivors (3072K)
 Metaspace       used 34945K, capacity 35801K, committed 35964K, reserved 1081344K
  class space    used 4057K, capacity 4422K, committed 4528K, reserved 1048576K
}
Event: 32.061 GC heap after
{Heap after GC invocations=9 (full 0):
 garbage-first heap   total 78848K, used 21034K [0x00000000c1000000, 0x0000000100000000)
  region size 1024K, 3 young (3072K), 3 survivors (3072K)
 Metaspace       used 34945K, capacity 35801K, committed 35964K, reserved 1081344K
  class space    used 4057K, capacity 4422K, committed 4528K, reserved 1048576K
}
Event: 45.528 GC heap before
{Heap before GC invocations=10 (full 0):
 garbage-first heap   total 78848K, used 52778K [0x00000000c1000000, 0x0000000100000000)
  region size 1024K, 34 young (34816K), 3 survivors (3072K)
 Metaspace       used 39039K, capacity 40053K, committed 40316K, reserved 1085440K
  class space    used 4536K, capacity 4952K, committed 5040K, reserved 1048576K
}
Event: 45.542 GC heap after
{Heap after GC invocations=11 (full 0):
 garbage-first heap   total 78848K, used 22043K [0x00000000c1000000, 0x0000000100000000)
  region size 1024K, 3 young (3072K), 3 survivors (3072K)
 Metaspace       used 39039K, capacity 40053K, committed 40316K, reserved 1085440K
  class space    used 4536K, capacity 4952K, committed 5040K, reserved 1048576K
}
Event: 46.218 GC heap before
{Heap before GC invocations=11 (full 0):
 garbage-first heap   total 78848K, used 34331K [0x00000000c1000000, 0x0000000100000000)
  region size 1024K, 16 young (16384K), 3 survivors (3072K)
 Metaspace       used 40482K, capacity 41437K, committed 41596K, reserved 1091584K
  class space    used 4740K, capacity 5177K, committed 5296K, reserved 1048576K
}
Event: 46.232 GC heap after
{Heap after GC invocations=12 (full 0):
 garbage-first heap   total 78848K, used 23245K [0x00000000c1000000, 0x0000000100000000)
  region size 1024K, 4 young (4096K), 4 survivors (4096K)
 Metaspace       used 40482K, capacity 41437K, committed 41596K, reserved 1091584K
  class space    used 4740K, capacity 5177K, committed 5296K, reserved 1048576K
}

Deoptimization events (20 events):
Event: 45.686 Thread 0x0000013bf7b19800 Uncommon trap: trap_request=0xffffffde fr.pc=0x0000013b902155dc relative=0x000000000000155c
Event: 45.686 Thread 0x0000013bf7b19800 Uncommon trap: reason=class_check action=maybe_recompile pc=0x0000013b902155dc method=java.io.DataInputStream.readUnsignedShort()I @ 4 c2
Event: 45.686 Thread 0x0000013bf7b19800 DEOPT PACKING pc=0x0000013b902155dc sp=0x0000000db53fb150
Event: 45.686 Thread 0x0000013bf7b19800 DEOPT UNPACKING pc=0x0000013b8865662f sp=0x0000000db53fb0c8 mode 2
Event: 45.686 Thread 0x0000013bf7b19800 Uncommon trap: trap_request=0xffffffde fr.pc=0x0000013b902155dc relative=0x000000000000155c
Event: 45.686 Thread 0x0000013bf7b19800 Uncommon trap: reason=class_check action=maybe_recompile pc=0x0000013b902155dc method=java.io.DataInputStream.readUnsignedShort()I @ 4 c2
Event: 45.686 Thread 0x0000013bf7b19800 DEOPT PACKING pc=0x0000013b902155dc sp=0x0000000db53fb150
Event: 45.686 Thread 0x0000013bf7b19800 DEOPT UNPACKING pc=0x0000013b8865662f sp=0x0000000db53fb0c8 mode 2
Event: 45.800 Thread 0x0000013bf7b19800 Uncommon trap: trap_request=0xffffff4d fr.pc=0x0000013b90248d5c relative=0x00000000000019bc
Event: 45.800 Thread 0x0000013bf7b19800 Uncommon trap: reason=unstable_if action=reinterpret pc=0x0000013b90248d5c method=java.io.DataInputStream.readUTF(Ljava/io/DataInput;)Ljava/lang/String; @ 31 c2
Event: 45.800 Thread 0x0000013bf7b19800 DEOPT PACKING pc=0x0000013b90248d5c sp=0x0000000db53fb150
Event: 45.800 Thread 0x0000013bf7b19800 DEOPT UNPACKING pc=0x0000013b8865662f sp=0x0000000db53fb130 mode 2
Event: 45.950 Thread 0x0000013bf7b19800 Uncommon trap: trap_request=0xffffff4d fr.pc=0x0000013b90250e10 relative=0x0000000000000130
Event: 45.950 Thread 0x0000013bf7b19800 Uncommon trap: reason=unstable_if action=reinterpret pc=0x0000013b90250e10 method=org.apache.xmlbeans.impl.schema.SchemaTypeSystemImpl$StringPool.stringForCode(I)Ljava/lang/String; @ 1 c2
Event: 45.950 Thread 0x0000013bf7b19800 DEOPT PACKING pc=0x0000013b90250e10 sp=0x0000000db53fc510
Event: 45.950 Thread 0x0000013bf7b19800 DEOPT UNPACKING pc=0x0000013b8865662f sp=0x0000000db53fc448 mode 2
Event: 46.035 Thread 0x0000013bf7b19800 Uncommon trap: trap_request=0xffffff4d fr.pc=0x0000013b901d0d98 relative=0x0000000000000258
Event: 46.035 Thread 0x0000013bf7b19800 Uncommon trap: reason=unstable_if action=reinterpret pc=0x0000013b901d0d98 method=java.lang.String.getChars(II[CI)V @ 23 c2
Event: 46.035 Thread 0x0000013bf7b19800 DEOPT PACKING pc=0x0000013b901d0d98 sp=0x0000000db53fc800
Event: 46.035 Thread 0x0000013bf7b19800 DEOPT UNPACKING pc=0x0000013b8865662f sp=0x0000000db53fc7c0 mode 2

Classes redefined (0 events):
No events

Internal exceptions (20 events):
Event: 4.120 Thread 0x0000013bfe54f800 Exception <a 'java/lang/NoSuchMethodError'{0x00000000c3f9ce60}: 'java.lang.Object java.lang.invoke.Invokers$Holder.linkToTargetMethod(java.lang.Object, long, java.lang.Object)'> (0x00000000c3f9ce60) thrown at [./src/hotspot/share/interpreter/linkResolver.cpp, line 773]
Event: 4.566 Thread 0x0000013bfe814800 Exception <a 'java/net/SocketTimeoutException'{0x00000000c3f68250}: connect timed out> (0x00000000c3f68250) thrown at [./src/hotspot/share/prims/jni.cpp, line 636]
Event: 5.096 Thread 0x0000013bfe814800 Exception <a 'java/net/SocketTimeoutException'{0x00000000c3f692d8}: connect timed out> (0x00000000c3f692d8) thrown at [./src/hotspot/share/prims/jni.cpp, line 636]
Event: 5.641 Thread 0x0000013bfe814800 Exception <a 'java/net/SocketTimeoutException'{0x00000000c3f6a250}: connect timed out> (0x00000000c3f6a250) thrown at [./src/hotspot/share/prims/jni.cpp, line 636]
Event: 6.202 Thread 0x0000013bfe814800 Exception <a 'java/net/SocketTimeoutException'{0x00000000c3f6b1c8}: connect timed out> (0x00000000c3f6b1c8) thrown at [./src/hotspot/share/prims/jni.cpp, line 636]
Event: 6.347 Thread 0x0000013bf7b19800 Exception <a 'java/lang/NoSuchMethodError'{0x00000000c3ed47f8}: 'double java.lang.invoke.DirectMethodHandle$Holder.invokeVirtual(java.lang.Object, java.lang.Object)'> (0x00000000c3ed47f8) thrown at [./src/hotspot/share/interpreter/linkResolver.cpp, line 773]
Event: 6.347 Thread 0x0000013bf7b19800 Exception <a 'java/lang/NoSuchMethodError'{0x00000000c3eda5b8}: 'float java.lang.invoke.DirectMethodHandle$Holder.invokeVirtual(java.lang.Object, java.lang.Object)'> (0x00000000c3eda5b8) thrown at [./src/hotspot/share/interpreter/linkResolver.cpp, line 773]
Event: 6.348 Thread 0x0000013bf7b19800 Exception <a 'java/lang/NoSuchMethodError'{0x00000000c3ee2a58}: 'long java.lang.invoke.DirectMethodHandle$Holder.invokeVirtual(java.lang.Object, java.lang.Object)'> (0x00000000c3ee2a58) thrown at [./src/hotspot/share/interpreter/linkResolver.cpp, line 773]
Event: 6.354 Thread 0x0000013bf7b19800 Exception <a 'java/lang/NoSuchMethodError'{0x00000000c3d225a8}: 'java.lang.Object java.lang.invoke.DirectMethodHandle$Holder.invokeVirtual(java.lang.Object, java.lang.Object, java.lang.Object)'> (0x00000000c3d225a8) thrown at [./src/hotspot/share/interpreter/linkResolver.cpp, line 773]
Event: 6.385 Thread 0x0000013bf7b19800 Exception <a 'java/lang/NoSuchMethodError'{0x00000000c3c65bc8}: 'void java.lang.invoke.DirectMethodHandle$Holder.invokeSpecial(java.lang.Object, java.lang.Object, java.lang.Object, java.lang.Object, java.lang.Object)'> (0x00000000c3c65bc8) thrown at [./src/hotspot/share/interpreter/linkResolver.cpp, line 773]
Event: 6.388 Thread 0x0000013bf7b19800 Exception <a 'java/lang/NoSuchMethodError'{0x00000000c3c6c698}: 'void java.lang.invoke.DirectMethodHandle$Holder.invokeStatic(java.lang.Object, java.lang.Object, int)'> (0x00000000c3c6c698) thrown at [./src/hotspot/share/interpreter/linkResolver.cpp, line 773]
Event: 6.462 Thread 0x0000013bf7b19800 Exception <a 'java/lang/NoSuchMethodError'{0x00000000c3916a70}: 'int java.lang.invoke.DirectMethodHandle$Holder.invokeSpecialIFC(java.lang.Object, java.lang.Object, java.lang.Object)'> (0x00000000c3916a70) thrown at [./src/hotspot/share/interpreter/linkResolver.cpp, line 773]
Event: 6.586 Thread 0x0000013bf7b19800 Exception <a 'java/lang/NoSuchMethodError'{0x00000000c34f5680}: 'void java.lang.invoke.DirectMethodHandle$Holder.invokeSpecial(java.lang.Object, java.lang.Object, java.lang.Object, java.lang.Object, java.lang.Object, java.lang.Object)'> (0x00000000c34f5680) thrown at [./src/hotspot/share/interpreter/linkResolver.cpp, line 773]
Event: 12.363 Thread 0x0000013bf7b19800 Exception <a 'java/lang/NoSuchMethodError'{0x00000000c4e1ece8}: 'java.lang.Object java.lang.invoke.DirectMethodHandle$Holder.invokeSpecialIFC(java.lang.Object, java.lang.Object, java.lang.Object)'> (0x00000000c4e1ece8) thrown at [./src/hotspot/share/interpreter/linkResolver.cpp, line 773]
Event: 12.413 Thread 0x0000013bf7b19800 Exception <a 'java/lang/ClassNotFoundException'{0x00000000c4edc860}: sun/util/logging/resources/spi/loggingProvider> (0x00000000c4edc860) thrown at [./src/hotspot/share/classfile/systemDictionary.cpp, line 231]
Event: 44.250 Thread 0x0000013bf7b19800 Exception <a 'java/lang/NoSuchMethodError'{0x00000000c5995a50}: 'java.lang.Object java.lang.invoke.DirectMethodHandle$Holder.invokeStaticInit(java.lang.Object, java.lang.Object, int)'> (0x00000000c5995a50) thrown at [./src/hotspot/share/interpreter/linkResolver.cpp, line 773]
Event: 44.539 Thread 0x0000013bf7b19800 Exception <a 'java/lang/NoSuchMethodError'{0x00000000c53d0a68}: 'void java.lang.invoke.DirectMethodHandle$Holder.invokeVirtual(java.lang.Object, java.lang.Object, java.lang.Object, java.lang.Object)'> (0x00000000c53d0a68) thrown at [./src/hotspot/share/interpreter/linkResolver.cpp, line 773]
Event: 44.561 Thread 0x0000013bf7b19800 Exception <a 'java/lang/NoSuchMethodError'{0x00000000c5219380}: 'void java.lang.invoke.DirectMethodHandle$Holder.invokeStatic(java.lang.Object, java.lang.Object, java.lang.Object, int)'> (0x00000000c5219380) thrown at [./src/hotspot/share/interpreter/linkResolver.cpp, line 773]
Event: 44.561 Thread 0x0000013bf7b19800 Exception <a 'java/lang/NoSuchMethodError'{0x00000000c521c3e0}: 'void java.lang.invoke.DirectMethodHandle$Holder.invokeStaticInit(java.lang.Object, java.lang.Object, java.lang.Object, int)'> (0x00000000c521c3e0) thrown at [./src/hotspot/share/interpreter/linkResolver.cpp, line 773]
Event: 45.398 Thread 0x0000013bf7b19800 Implicit null exception at 0x0000013b901ce05e to 0x0000013b901cee02

Events (20 events):
Event: 46.202 loading class org/apache/xmlbeans/impl/store/Locale$ScrubBuffer done
Event: 46.202 loading class org/apache/xmlbeans/impl/values/NamespaceContext
Event: 46.202 loading class org/apache/xmlbeans/impl/values/NamespaceContext done
Event: 46.203 loading class org/apache/xmlbeans/impl/values/NamespaceContext$NamespaceContextStack
Event: 46.203 loading class org/apache/xmlbeans/impl/values/NamespaceContext$NamespaceContextStack done
Event: 46.204 loading class org/apache/xmlbeans/impl/util/XsTypeConverter
Event: 46.204 loading class org/apache/xmlbeans/impl/util/XsTypeConverter done
Event: 46.206 loading class org/apache/xmlbeans/impl/common/InvalidLexicalValueException
Event: 46.206 loading class org/apache/xmlbeans/impl/common/InvalidLexicalValueException done
Event: 46.209 loading class org/openxmlformats/schemas/spreadsheetml/x2006/main/impl/CTRstImpl
Event: 46.209 loading class org/openxmlformats/schemas/spreadsheetml/x2006/main/impl/CTRstImpl done
Event: 46.210 loading class org/openxmlformats/schemas/spreadsheetml/x2006/main/CTRst
Event: 46.210 loading class org/openxmlformats/schemas/spreadsheetml/x2006/main/CTRst done
Event: 46.211 Executing VM operation: CollectForMetadataAllocation
Event: 46.211 Executing VM operation: CollectForMetadataAllocation done
Event: 46.214 loading class org/apache/xmlbeans/impl/store/Cursor
Event: 46.214 loading class org/apache/xmlbeans/impl/store/Cursor done
Event: 46.216 loading class org/apache/xmlbeans/impl/store/Locale$ChangeListener
Event: 46.216 loading class org/apache/xmlbeans/impl/store/Locale$ChangeListener done
Event: 46.218 Executing VM operation: CollectForMetadataAllocation


Dynamic libraries:
0x00007ff777920000 - 0x00007ff77792d000 	C:\Program Files\Amazon Corretto\jdk11.0.11_9\bin\java.exe
0x00007fff8b030000 - 0x00007fff8b228000 	C:\Windows\SYSTEM32\ntdll.dll
0x00007fff8a4d0000 - 0x00007fff8a58f000 	C:\Windows\System32\KERNEL32.DLL
0x00007fff88730000 - 0x00007fff88a02000 	C:\Windows\System32\KERNELBASE.dll
0x00007fff65610000 - 0x00007fff656d9000 	C:\Program Files\Bitdefender\Bitdefender Security\bdhkm\dlls_266171711356750398\bdhkm64.dll
0x00007fff654e0000 - 0x00007fff6560a000 	C:\Program Files\Bitdefender\Bitdefender Security\atcuf\dlls_266190133786391870\atcuf64.dll
0x00007fff88a60000 - 0x00007fff88b60000 	C:\Windows\System32\ucrtbase.dll
0x00007fff67f70000 - 0x00007fff67f87000 	C:\Program Files\Amazon Corretto\jdk11.0.11_9\bin\jli.dll
0x00007fff8a280000 - 0x00007fff8a41d000 	C:\Windows\System32\USER32.dll
0x00007fff89050000 - 0x00007fff89072000 	C:\Windows\System32\win32u.dll
0x00007fff8a040000 - 0x00007fff8a06b000 	C:\Windows\System32\GDI32.dll
0x00007fff88cc0000 - 0x00007fff88dcf000 	C:\Windows\System32\gdi32full.dll
0x00007fff88fb0000 - 0x00007fff8904d000 	C:\Windows\System32\msvcp_win.dll
0x00007fff67ef0000 - 0x00007fff67f09000 	C:\Program Files\Amazon Corretto\jdk11.0.11_9\bin\VCRUNTIME140.dll
0x00007fff74540000 - 0x00007fff747da000 	C:\Windows\WinSxS\amd64_microsoft.windows.common-controls_6595b64144ccf1df_6.0.19041.1110_none_60b5254171f9507e\COMCTL32.dll
0x00007fff8aed0000 - 0x00007fff8af6e000 	C:\Windows\System32\msvcrt.dll
0x00007fff89fe0000 - 0x00007fff8a012000 	C:\Windows\System32\IMM32.DLL
0x00007fff67750000 - 0x00007fff677eb000 	C:\Program Files\Amazon Corretto\jdk11.0.11_9\bin\msvcp140.dll
0x00007fff64210000 - 0x00007fff64d5c000 	C:\Program Files\Amazon Corretto\jdk11.0.11_9\bin\server\jvm.dll
0x00007fff89c30000 - 0x00007fff89cde000 	C:\Windows\System32\ADVAPI32.dll
0x00007fff893e0000 - 0x00007fff8947c000 	C:\Windows\System32\sechost.dll
0x00007fff8a720000 - 0x00007fff8a845000 	C:\Windows\System32\RPCRT4.dll
0x00007fff8a030000 - 0x00007fff8a038000 	C:\Windows\System32\PSAPI.DLL
0x00007fff67740000 - 0x00007fff67749000 	C:\Windows\SYSTEM32\WSOCK32.dll
0x00007fff89ce0000 - 0x00007fff89d4b000 	C:\Windows\System32\WS2_32.dll
0x00007fff81640000 - 0x00007fff81667000 	C:\Windows\SYSTEM32\WINMM.dll
0x00007fff80200000 - 0x00007fff8020a000 	C:\Windows\SYSTEM32\VERSION.dll
0x00007fff865f0000 - 0x00007fff86602000 	C:\Windows\SYSTEM32\kernel.appcore.dll
0x00007fff67710000 - 0x00007fff67720000 	C:\Program Files\Amazon Corretto\jdk11.0.11_9\bin\verify.dll
0x00007fff85ec0000 - 0x00007fff860a4000 	C:\Windows\SYSTEM32\DBGHELP.DLL
0x00007fff68080000 - 0x00007fff680ac000 	C:\Windows\SYSTEM32\dbgcore.DLL
0x00007fff88dd0000 - 0x00007fff88e52000 	C:\Windows\System32\bcryptPrimitives.dll
0x00007fff63fd0000 - 0x00007fff63ff8000 	C:\Program Files\Amazon Corretto\jdk11.0.11_9\bin\java.dll
0x00007fff63fc0000 - 0x00007fff63fca000 	C:\Program Files\Amazon Corretto\jdk11.0.11_9\bin\jimage.dll
0x00007fff63fa0000 - 0x00007fff63fb7000 	C:\Program Files\Amazon Corretto\jdk11.0.11_9\bin\zip.dll
0x00007fff894e0000 - 0x00007fff89c23000 	C:\Windows\System32\SHELL32.dll
0x00007fff867f0000 - 0x00007fff86f82000 	C:\Windows\SYSTEM32\windows.storage.dll
0x00007fff89080000 - 0x00007fff893d4000 	C:\Windows\System32\combase.dll
0x00007fff88190000 - 0x00007fff881c0000 	C:\Windows\SYSTEM32\Wldp.dll
0x00007fff8a140000 - 0x00007fff8a1ed000 	C:\Windows\System32\SHCORE.dll
0x00007fff8a850000 - 0x00007fff8a8a5000 	C:\Windows\System32\shlwapi.dll
0x00007fff88670000 - 0x00007fff8868f000 	C:\Windows\SYSTEM32\profapi.dll
0x00007fff63390000 - 0x00007fff633a9000 	C:\Program Files\Amazon Corretto\jdk11.0.11_9\bin\net.dll
0x00007fff7a7f0000 - 0x00007fff7a8fc000 	C:\Windows\SYSTEM32\WINHTTP.dll
0x00007fff87ef0000 - 0x00007fff87f5a000 	C:\Windows\system32\mswsock.dll
0x00007fff63370000 - 0x00007fff63382000 	C:\Program Files\Amazon Corretto\jdk11.0.11_9\bin\nio.dll
0x00007fff60dd0000 - 0x00007fff60dd9000 	C:\Program Files\Amazon Corretto\jdk11.0.11_9\bin\management.dll
0x00007fff5f5f0000 - 0x00007fff5f5fb000 	C:\Program Files\Amazon Corretto\jdk11.0.11_9\bin\management_ext.dll
0x00007fff880f0000 - 0x00007fff88108000 	C:\Windows\SYSTEM32\CRYPTSP.dll
0x00007fff877a0000 - 0x00007fff877d4000 	C:\Windows\system32\rsaenh.dll
0x00007fff88e60000 - 0x00007fff88e87000 	C:\Windows\System32\bcrypt.dll
0x00007fff88630000 - 0x00007fff8865e000 	C:\Windows\SYSTEM32\USERENV.dll
0x00007fff880e0000 - 0x00007fff880ec000 	C:\Windows\SYSTEM32\CRYPTBASE.dll
0x00007fff87b90000 - 0x00007fff87bcb000 	C:\Windows\SYSTEM32\IPHLPAPI.DLL
0x00007fff8a020000 - 0x00007fff8a028000 	C:\Windows\System32\NSI.dll
0x00007fff7fbb0000 - 0x00007fff7fbc7000 	C:\Windows\SYSTEM32\dhcpcsvc6.DLL
0x00007fff80c20000 - 0x00007fff80c3d000 	C:\Windows\SYSTEM32\dhcpcsvc.DLL
0x00007fff87bd0000 - 0x00007fff87c9a000 	C:\Windows\SYSTEM32\DNSAPI.dll
0x00007fff7e1d0000 - 0x00007fff7e1d9000 	C:\Program Files\Amazon Corretto\jdk11.0.11_9\bin\prefs.dll
0x00007fff63250000 - 0x00007fff63275000 	C:\Program Files\Amazon Corretto\jdk11.0.11_9\bin\sunec.dll
0x00007fff80250000 - 0x00007fff8025a000 	C:\Windows\System32\rasadhlp.dll
0x00007fff6da20000 - 0x00007fff6daa0000 	C:\Windows\System32\fwpuclnt.dll
0x00007fff67e30000 - 0x00007fff67e47000 	C:\Windows\system32\napinsp.dll
0x00007fff66ea0000 - 0x00007fff66ebb000 	C:\Windows\system32\pnrpnsp.dll
0x00007fff83110000 - 0x00007fff83125000 	C:\Windows\system32\wshbth.dll
0x00007fff83f80000 - 0x00007fff83f9d000 	C:\Windows\system32\NLAapi.dll
0x00007fff66d90000 - 0x00007fff66da2000 	C:\Windows\System32\winrnr.dll

dbghelp: loaded successfully - version: 4.0.5 - missing functions: none
symbol engine: initialized successfully - sym options: 0x614 - pdb path: .;C:\Program Files\Amazon Corretto\jdk11.0.11_9\bin;C:\Windows\SYSTEM32;C:\Program Files\Bitdefender\Bitdefender Security\bdhkm\dlls_266171711356750398;C:\Program Files\Bitdefender\Bitdefender Security\atcuf\dlls_266190133786391870;C:\Windows\WinSxS\amd64_microsoft.windows.common-controls_6595b64144ccf1df_6.0.19041.1110_none_60b5254171f9507e;C:\Program Files\Amazon Corretto\jdk11.0.11_9\bin\server

VM Arguments:
java_command: C:\Users\haris\AppData\Local\Temp\surefire1814254628815623718\surefirebooter-20221118103905955_3.jar C:\Users\haris\AppData\Local\Temp\surefire1814254628815623718 2022-11-18T10-39-04_574-jvmRun1 surefire-20221118103905955_1tmp surefire_0-20221118103905955_2tmp
java_class_path (initial): C:\Users\haris\AppData\Local\Temp\surefire1814254628815623718\surefirebooter-20221118103905955_3.jar
Launcher Type: SUN_STANDARD

[Global flags]
     intx CICompilerCount                          = 3                                         {product} {ergonomic}
     uint ConcGCThreads                            = 1                                         {product} {ergonomic}
     uint G1ConcRefinementThreads                  = 4                                         {product} {ergonomic}
   size_t G1HeapRegionSize                         = 1048576                                   {product} {ergonomic}
    uintx GCDrainStackTargetSize                   = 64                                        {product} {ergonomic}
   size_t InitialHeapSize                          = 67108864                                  {product} {ergonomic}
   size_t MarkStackSize                            = 4194304                                   {product} {ergonomic}
   size_t MaxHeapSize                              = 1056964608                                {product} {ergonomic}
   size_t MaxNewSize                               = 633339904                                 {product} {ergonomic}
   size_t MinHeapDeltaBytes                        = 1048576                                   {product} {ergonomic}
    uintx NonNMethodCodeHeapSize                   = 5830732                                {pd product} {ergonomic}
    uintx NonProfiledCodeHeapSize                  = 122913754                              {pd product} {ergonomic}
    uintx ProfiledCodeHeapSize                     = 122913754                              {pd product} {ergonomic}
    uintx ReservedCodeCacheSize                    = 251658240                              {pd product} {ergonomic}
     bool SegmentedCodeCache                       = true                                      {product} {ergonomic}
     bool UseCompressedClassPointers               = true                                 {lp64_product} {ergonomic}
     bool UseCompressedOops                        = true                                 {lp64_product} {ergonomic}
     bool UseG1GC                                  = true                                      {product} {ergonomic}
     bool UseLargePagesIndividualAllocation        = false                                  {pd product} {ergonomic}

Logging:
Log output configuration:
 #0: stdout all=warning uptime,level,tags
 #1: stderr all=off uptime,level,tags

Environment Variables:
JAVA_HOME=C:\Program Files\Amazon Corretto\jdk11.0.11_9
PATH=C:\Program Files\Common Files\Oracle\Java\javapath;E:\oracle\product\10.2.0\db_1\bin;C:\Program Files\Oracle 10g DB\oracle\product\10.2.0\db_1\bin;C:\Program Files\Amazon Corretto\jdk11.0.11_9\bin;%JAVA_HOME%\bin;C:\Windows\system32;C:\Windows;C:\Windows\System32\Wbem;C:\Windows\System32\WindowsPowerShell\v1.0\;C:\Windows\System32\OpenSSH\;C:\Program Files\apache-maven-3.8.6\bin;%M2_HOME%\bin;%MAVEN_HOME%\bin;C:\Program Files\SourceGear\Common\DiffMerge\;C:\Program Files\Git\cmd;C:\Program Files\dotnet\;C:\Program Files\MySQL\MySQL Server 5.5\bin;C:\Program Files\nodejs\;C:\Users\haris\anaconda3;C:\Users\haris\anaconda3\Library\mingw-w64\bin;C:\Users\haris\anaconda3\Library\usr\bin;C:\Users\haris\anaconda3\Library\bin;C:\Users\haris\anaconda3\Scripts;C:\Users\haris\AppData\Local\Microsoft\WindowsApps;C:\Users\haris\AppData\Local\Programs\Microsoft VS Code\bin;C:\Users\haris\AppData\Roaming\npm
USERNAME=haris
OS=Windows_NT
PROCESSOR_IDENTIFIER=Intel64 Family 6 Model 69 Stepping 1, GenuineIntel



---------------  S Y S T E M  ---------------

OS: Windows 10 , 64 bit Build 19041 (10.0.19041.2251)
OS uptime: 5 days 15:17 hours

CPU:total 4 (initial active 4) (2 cores per cpu, 2 threads per core) family 6 model 69 stepping 1 microcode 0x25, cmov, cx8, fxsr, mmx, sse, sse2, sse3, ssse3, sse4.1, sse4.2, popcnt, avx, avx2, aes, clmul, erms, lzcnt, ht, tsc, tscinvbit, bmi1, bmi2, fma

Memory: 4k page, system-wide physical 4026M (402M free)
TotalPageFile size 32046M (AvailPageFile size 1M)
current process WorkingSet (physical memory assigned to process): 179M, peak: 179M
current process commit charge ("private bytes"): 224M, peak: 227M

vm_info: OpenJDK 64-Bit Server VM (11.0.11+9-LTS) for windows-amd64 JRE (11.0.11+9-LTS), built on Apr 14 2021 00:00:20 by "Administrator" with MS VC++ 15.9 (VS2017)

END.
