#
# There is insufficient memory for the Java Runtime Environment to continue.
# Native memory allocation (malloc) failed to allocate 32744 bytes for ChunkPool::allocate
# Possible reasons:
#   The system is out of physical RAM or swap space
#   The process is running with CompressedOops enabled, and the Java Heap may be blocking the growth of the native heap
# Possible solutions:
#   Reduce memory load on the system
#   Increase physical memory or swap space
#   Check if swap backing store is full
#   Decrease Java heap size (-Xmx/-Xms)
#   Decrease number of Java threads
#   Decrease Java thread stack sizes (-Xss)
#   Set larger code cache with -XX:ReservedCodeCacheSize=
#   JVM is running with Unscaled Compressed Oops mode in which the Java heap is
#     placed in the first 4GB address space. The Java Heap base address is the
#     maximum limit for the native heap growth. Please use -XX:HeapBaseMinAddress
#     to set the Java Heap base and to place the Java Heap above 4GB virtual address.
# This output file may be truncated or incomplete.
#
#  Out of Memory Error (./src/hotspot/share/memory/arena.cpp:81), pid=19940, tid=3116
#
# JRE version: OpenJDK Runtime Environment Corretto-11.0.11.9.1 (11.0.11+9) (build 11.0.11+9-LTS)
# Java VM: OpenJDK 64-Bit Server VM Corretto-11.0.11.9.1 (11.0.11+9-LTS, mixed mode, tiered, compressed oops, g1 gc, windows-amd64)
# No core dump will be written. Minidumps are not enabled by default on client versions of Windows
#

---------------  S U M M A R Y ------------

Command Line: C:\Users\haris\AppData\Local\Temp\surefire12124826836420694401\surefirebooter-20221118113435645_3.jar C:\Users\haris\AppData\Local\Temp\surefire12124826836420694401 2022-11-18T11-34-34_141-jvmRun1 surefire-20221118113435645_1tmp surefire_0-20221118113435645_2tmp

Host: Intel(R) Core(TM) i5-4200U CPU @ 1.60GHz, 4 cores, 3G,  Windows 10 , 64 bit Build 19041 (10.0.19041.2251)
Time: Fri Nov 18 11:34:52 2022 India Standard Time elapsed time: 16.112757 seconds (0d 0h 0m 16s)

---------------  T H R E A D  ---------------

Current thread (0x000001af9c84b800):  JavaThread "C2 CompilerThread0" daemon [_thread_in_native, id=3116, stack(0x0000002ec4700000,0x0000002ec4800000)]


Current CompileTask:
C2:  16113 2412   !   4       java.util.zip.InflaterInputStream::read (138 bytes)

Stack: [0x0000002ec4700000,0x0000002ec4800000]
Native frames: (J=compiled Java code, j=interpreted, Vv=VM code, C=native code)
V  [jvm.dll+0x5f867a]
V  [jvm.dll+0x78124e]
V  [jvm.dll+0x78291f]
V  [jvm.dll+0x782fe3]
V  [jvm.dll+0x246e88]
V  [jvm.dll+0xbe64b]
V  [jvm.dll+0xbe41d]
V  [jvm.dll+0x5d77f8]
V  [jvm.dll+0x8637b]
V  [jvm.dll+0x5d4d26]
V  [jvm.dll+0x59bfde]
V  [jvm.dll+0x34a891]
V  [jvm.dll+0x2d01cf]
V  [jvm.dll+0x5becab]
V  [jvm.dll+0x1059bc]
V  [jvm.dll+0x32a52d]
V  [jvm.dll+0x6192f9]
V  [jvm.dll+0x6186b6]
V  [jvm.dll+0x613898]
V  [jvm.dll+0x60d5ef]
V  [jvm.dll+0x60cc0b]
V  [jvm.dll+0x60aabe]
V  [jvm.dll+0x1874ec]
V  [jvm.dll+0x2b5106]
V  [jvm.dll+0x615750]
V  [jvm.dll+0x60d5ef]
V  [jvm.dll+0x60cc0b]
V  [jvm.dll+0x60aabe]
V  [jvm.dll+0x1874ec]
V  [jvm.dll+0x188079]
V  [jvm.dll+0x2b5106]
V  [jvm.dll+0x615750]
V  [jvm.dll+0x60d5ef]
V  [jvm.dll+0x60cc0b]
V  [jvm.dll+0x60aabe]
V  [jvm.dll+0x1874ec]
V  [jvm.dll+0x1ff841]
V  [jvm.dll+0x184b4c]
V  [jvm.dll+0x20ee67]
V  [jvm.dll+0x20d04b]
V  [jvm.dll+0x745629]
V  [jvm.dll+0x73e694]
V  [jvm.dll+0x5f74f6]
C  [ucrtbase.dll+0x21bb2]
C  [KERNEL32.DLL+0x174b4]
C  [ntdll.dll+0x526a1]


---------------  P R O C E S S  ---------------

Threads class SMR info:
_java_thread_list=0x000001af9ea518e0, length=22, elements={
0x000001affc979800, 0x000001af9c7e2000, 0x000001af9c7eb800, 0x000001af9c845000,
0x000001af9c847000, 0x000001af9c848000, 0x000001af9c84b800, 0x000001af9c85d000,
0x000001af9c868800, 0x000001af9d2f0000, 0x000001af9d4a3000, 0x000001af9d2f6800,
0x000001af9db1f000, 0x000001af9e46c800, 0x000001af9e705800, 0x000001af9e545800,
0x000001af9e73b800, 0x000001af9e5c9800, 0x000001af9e465800, 0x000001af9e752800,
0x000001af9e74c800, 0x000001af9e750000
}

Java Threads: ( => current thread )
  0x000001affc979800 JavaThread "Forwarding newSession on session null to remote" [_thread_in_vm, id=2420, stack(0x0000002ec3b00000,0x0000002ec3c00000)]
  0x000001af9c7e2000 JavaThread "Reference Handler" daemon [_thread_blocked, id=2848, stack(0x0000002ec4200000,0x0000002ec4300000)]
  0x000001af9c7eb800 JavaThread "Finalizer" daemon [_thread_blocked, id=12052, stack(0x0000002ec4300000,0x0000002ec4400000)]
  0x000001af9c845000 JavaThread "Signal Dispatcher" daemon [_thread_blocked, id=14520, stack(0x0000002ec4400000,0x0000002ec4500000)]
  0x000001af9c847000 JavaThread "Attach Listener" daemon [_thread_blocked, id=14720, stack(0x0000002ec4500000,0x0000002ec4600000)]
  0x000001af9c848000 JavaThread "Service Thread" daemon [_thread_blocked, id=18208, stack(0x0000002ec4600000,0x0000002ec4700000)]
=>0x000001af9c84b800 JavaThread "C2 CompilerThread0" daemon [_thread_in_native, id=3116, stack(0x0000002ec4700000,0x0000002ec4800000)]
  0x000001af9c85d000 JavaThread "C1 CompilerThread0" daemon [_thread_blocked, id=10904, stack(0x0000002ec4800000,0x0000002ec4900000)]
  0x000001af9c868800 JavaThread "Sweeper thread" daemon [_thread_blocked, id=1204, stack(0x0000002ec4900000,0x0000002ec4a00000)]
  0x000001af9d2f0000 JavaThread "Common-Cleaner" daemon [_thread_blocked, id=14152, stack(0x0000002ec4b00000,0x0000002ec4c00000)]
  0x000001af9d4a3000 JavaThread "surefire-forkedjvm-stream-flusher" daemon [_thread_blocked, id=13684, stack(0x0000002ec4c00000,0x0000002ec4d00000)]
  0x000001af9d2f6800 JavaThread "surefire-forkedjvm-command-thread" daemon [_thread_in_native, id=18824, stack(0x0000002ec4d00000,0x0000002ec4e00000)]
  0x000001af9db1f000 JavaThread "ForkJoinPool.commonPool-worker-3" daemon [_thread_blocked, id=7492, stack(0x0000002ec4f00000,0x0000002ec5000000)]
  0x000001af9e46c800 JavaThread "ForkJoinPool.commonPool-worker-5" daemon [_thread_blocked, id=4768, stack(0x0000002ec5000000,0x0000002ec5100000)]
  0x000001af9e705800 JavaThread "AsyncHttpClient-1-1" daemon [_thread_blocked, id=13452, stack(0x0000002ec5100000,0x0000002ec5200000)]
  0x000001af9e545800 JavaThread "Exec Default Executor" daemon [_thread_in_native, id=6328, stack(0x0000002ec5200000,0x0000002ec5300000)]
  0x000001af9e73b800 JavaThread "Driver Service Executor" daemon [_thread_blocked, id=16904, stack(0x0000002ec5300000,0x0000002ec5400000)]
  0x000001af9e5c9800 JavaThread "Driver Service Executor" daemon [_thread_blocked, id=2312, stack(0x0000002ec5400000,0x0000002ec5500000)]
  0x000001af9e465800 JavaThread "UrlChecker-2" daemon [_thread_blocked, id=1096, stack(0x0000002ec5500000,0x0000002ec5600000)]
  0x000001af9e752800 JavaThread "Exec Stream Pumper" daemon [_thread_in_native, id=11144, stack(0x0000002ec5700000,0x0000002ec5800000)]
  0x000001af9e74c800 JavaThread "Exec Stream Pumper" daemon [_thread_in_native, id=19640, stack(0x0000002ec5800000,0x0000002ec5900000)]
  0x000001af9e750000 JavaThread "AsyncHttpClient-1-2" daemon [_thread_in_native, id=7960, stack(0x0000002ec5a00000,0x0000002ec5b00000)]

Other Threads:
  0x000001af9c7de000 VMThread "VM Thread" [stack: 0x0000002ec4100000,0x0000002ec4200000] [id=8044]
  0x000001af9d2eb800 WatcherThread [stack: 0x0000002ec4a00000,0x0000002ec4b00000] [id=17336]
  0x000001affc992800 GCTaskThread "GC Thread#0" [stack: 0x0000002ec3c00000,0x0000002ec3d00000] [id=11496]
  0x000001af9d9f8000 GCTaskThread "GC Thread#1" [stack: 0x0000002ec4e00000,0x0000002ec4f00000] [id=18300]
  0x000001affc9ac800 ConcurrentGCThread "G1 Main Marker" [stack: 0x0000002ec3d00000,0x0000002ec3e00000] [id=15408]
  0x000001affc9ad800 ConcurrentGCThread "G1 Conc#0" [stack: 0x0000002ec3e00000,0x0000002ec3f00000] [id=17156]
  0x000001affca05000 ConcurrentGCThread "G1 Refine#0" [stack: 0x0000002ec3f00000,0x0000002ec4000000] [id=12232]
  0x000001affca07000 ConcurrentGCThread "G1 Young RemSet Sampling" [stack: 0x0000002ec4000000,0x0000002ec4100000] [id=14124]

Threads with active compile tasks:
C2 CompilerThread0  16331 2412   !   4       java.util.zip.InflaterInputStream::read (138 bytes)

VM state:not at safepoint (normal execution)

VM Mutex/Monitor currently owned by a thread: None

Heap address: 0x00000000c1000000, size: 1008 MB, Compressed Oops mode: 32-bit
Narrow klass base: 0x0000000000000000, Narrow klass shift: 3
Compressed class space size: 1073741824 Address: 0x0000000100000000

Heap:
 garbage-first heap   total 78848K, used 39654K [0x00000000c1000000, 0x0000000100000000)
  region size 1024K, 24 young (24576K), 3 survivors (3072K)
 Metaspace       used 33091K, capacity 33912K, committed 34172K, reserved 1079296K
  class space    used 3829K, capacity 4158K, committed 4272K, reserved 1048576K
Heap Regions: E=young(eden), S=young(survivor), O=old, HS=humongous(starts), HC=humongous(continues), CS=collection set, F=free, A=archive, TAMS=top-at-mark-start (previous, next)
|   0|0x00000000c1000000, 0x00000000c1100000, 0x00000000c1100000|100%|HS|  |TAMS 0x00000000c1100000, 0x00000000c1000000| Complete 
|   1|0x00000000c1100000, 0x00000000c1200000, 0x00000000c1200000|100%| O|  |TAMS 0x00000000c1200000, 0x00000000c1100000| Untracked 
|   2|0x00000000c1200000, 0x00000000c1300000, 0x00000000c1300000|100%| O|  |TAMS 0x00000000c1300000, 0x00000000c1200000| Untracked 
|   3|0x00000000c1300000, 0x00000000c1400000, 0x00000000c1400000|100%| O|  |TAMS 0x00000000c1400000, 0x00000000c1300000| Untracked 
|   4|0x00000000c1400000, 0x00000000c1500000, 0x00000000c1500000|100%| O|  |TAMS 0x00000000c1500000, 0x00000000c1400000| Untracked 
|   5|0x00000000c1500000, 0x00000000c1600000, 0x00000000c1600000|100%| O|  |TAMS 0x00000000c1600000, 0x00000000c1500000| Untracked 
|   6|0x00000000c1600000, 0x00000000c1700000, 0x00000000c1700000|100%| O|  |TAMS 0x00000000c1700000, 0x00000000c1600000| Untracked 
|   7|0x00000000c1700000, 0x00000000c1800000, 0x00000000c1800000|100%| O|  |TAMS 0x00000000c172e600, 0x00000000c1700000| Untracked 
|   8|0x00000000c1800000, 0x00000000c1900000, 0x00000000c1900000|100%| O|  |TAMS 0x00000000c1800000, 0x00000000c1800000| Untracked 
|   9|0x00000000c1900000, 0x00000000c1a00000, 0x00000000c1a00000|100%| O|  |TAMS 0x00000000c1900000, 0x00000000c1900000| Untracked 
|  10|0x00000000c1a00000, 0x00000000c1ada400, 0x00000000c1b00000| 85%| O|  |TAMS 0x00000000c1a00000, 0x00000000c1a00000| Untracked 
|  11|0x00000000c1b00000, 0x00000000c1c00000, 0x00000000c1c00000|100%|HS|  |TAMS 0x00000000c1b00000, 0x00000000c1b00000| Complete 
|  12|0x00000000c1c00000, 0x00000000c1d00000, 0x00000000c1d00000|100%|HC|  |TAMS 0x00000000c1c00000, 0x00000000c1c00000| Complete 
|  13|0x00000000c1d00000, 0x00000000c1e00000, 0x00000000c1e00000|100%|HC|  |TAMS 0x00000000c1d00000, 0x00000000c1d00000| Complete 
|  14|0x00000000c1e00000, 0x00000000c1f00000, 0x00000000c1f00000|100%|HC|  |TAMS 0x00000000c1e00000, 0x00000000c1e00000| Complete 
|  15|0x00000000c1f00000, 0x00000000c2000000, 0x00000000c2000000|100%|HC|  |TAMS 0x00000000c1f00000, 0x00000000c1f00000| Complete 
|  16|0x00000000c2000000, 0x00000000c2000000, 0x00000000c2100000|  0%| F|  |TAMS 0x00000000c2000000, 0x00000000c2000000| Untracked 
|  17|0x00000000c2100000, 0x00000000c2100000, 0x00000000c2200000|  0%| F|  |TAMS 0x00000000c2100000, 0x00000000c2100000| Untracked 
|  18|0x00000000c2200000, 0x00000000c2200000, 0x00000000c2300000|  0%| F|  |TAMS 0x00000000c2200000, 0x00000000c2200000| Untracked 
|  19|0x00000000c2300000, 0x00000000c2300000, 0x00000000c2400000|  0%| F|  |TAMS 0x00000000c2300000, 0x00000000c2300000| Untracked 
|  20|0x00000000c2400000, 0x00000000c2400000, 0x00000000c2500000|  0%| F|  |TAMS 0x00000000c2400000, 0x00000000c2400000| Untracked 
|  21|0x00000000c2500000, 0x00000000c2500000, 0x00000000c2600000|  0%| F|  |TAMS 0x00000000c2500000, 0x00000000c2500000| Untracked 
|  22|0x00000000c2600000, 0x00000000c2600000, 0x00000000c2700000|  0%| F|  |TAMS 0x00000000c2600000, 0x00000000c2600000| Untracked 
|  23|0x00000000c2700000, 0x00000000c2700000, 0x00000000c2800000|  0%| F|  |TAMS 0x00000000c2700000, 0x00000000c2700000| Untracked 
|  24|0x00000000c2800000, 0x00000000c2800000, 0x00000000c2900000|  0%| F|  |TAMS 0x00000000c2800000, 0x00000000c2800000| Untracked 
|  25|0x00000000c2900000, 0x00000000c2900000, 0x00000000c2a00000|  0%| F|  |TAMS 0x00000000c2900000, 0x00000000c2900000| Untracked 
|  26|0x00000000c2a00000, 0x00000000c2a00000, 0x00000000c2b00000|  0%| F|  |TAMS 0x00000000c2a00000, 0x00000000c2a00000| Untracked 
|  27|0x00000000c2b00000, 0x00000000c2b00000, 0x00000000c2c00000|  0%| F|  |TAMS 0x00000000c2b00000, 0x00000000c2b00000| Untracked 
|  28|0x00000000c2c00000, 0x00000000c2c00000, 0x00000000c2d00000|  0%| F|  |TAMS 0x00000000c2c00000, 0x00000000c2c00000| Untracked 
|  29|0x00000000c2d00000, 0x00000000c2d00000, 0x00000000c2e00000|  0%| F|  |TAMS 0x00000000c2d00000, 0x00000000c2d00000| Untracked 
|  30|0x00000000c2e00000, 0x00000000c2e00000, 0x00000000c2f00000|  0%| F|  |TAMS 0x00000000c2e00000, 0x00000000c2e00000| Untracked 
|  31|0x00000000c2f00000, 0x00000000c2f00000, 0x00000000c3000000|  0%| F|  |TAMS 0x00000000c2f00000, 0x00000000c2f00000| Untracked 
|  32|0x00000000c3000000, 0x00000000c3000000, 0x00000000c3100000|  0%| F|  |TAMS 0x00000000c3000000, 0x00000000c3000000| Untracked 
|  33|0x00000000c3100000, 0x00000000c3100000, 0x00000000c3200000|  0%| F|  |TAMS 0x00000000c3100000, 0x00000000c3100000| Untracked 
|  34|0x00000000c3200000, 0x00000000c3200000, 0x00000000c3300000|  0%| F|  |TAMS 0x00000000c3200000, 0x00000000c3200000| Untracked 
|  35|0x00000000c3300000, 0x00000000c3300000, 0x00000000c3400000|  0%| F|  |TAMS 0x00000000c3300000, 0x00000000c3300000| Untracked 
|  36|0x00000000c3400000, 0x00000000c3400000, 0x00000000c3500000|  0%| F|  |TAMS 0x00000000c3400000, 0x00000000c3400000| Untracked 
|  37|0x00000000c3500000, 0x00000000c3500000, 0x00000000c3600000|  0%| F|  |TAMS 0x00000000c3500000, 0x00000000c3500000| Untracked 
|  38|0x00000000c3600000, 0x00000000c3600000, 0x00000000c3700000|  0%| F|  |TAMS 0x00000000c3600000, 0x00000000c3600000| Untracked 
|  39|0x00000000c3700000, 0x00000000c3700000, 0x00000000c3800000|  0%| F|  |TAMS 0x00000000c3700000, 0x00000000c3700000| Untracked 
|  40|0x00000000c3800000, 0x00000000c3800000, 0x00000000c3900000|  0%| F|  |TAMS 0x00000000c3800000, 0x00000000c3800000| Untracked 
|  41|0x00000000c3900000, 0x00000000c3900000, 0x00000000c3a00000|  0%| F|  |TAMS 0x00000000c3900000, 0x00000000c3900000| Untracked 
|  42|0x00000000c3a00000, 0x00000000c3a00000, 0x00000000c3b00000|  0%| F|  |TAMS 0x00000000c3a00000, 0x00000000c3a00000| Untracked 
|  43|0x00000000c3b00000, 0x00000000c3b00000, 0x00000000c3c00000|  0%| F|  |TAMS 0x00000000c3b00000, 0x00000000c3b00000| Untracked 
|  44|0x00000000c3c00000, 0x00000000c3c00000, 0x00000000c3d00000|  0%| F|  |TAMS 0x00000000c3c00000, 0x00000000c3c00000| Untracked 
|  45|0x00000000c3d00000, 0x00000000c3d00000, 0x00000000c3e00000|  0%| F|  |TAMS 0x00000000c3d00000, 0x00000000c3d00000| Untracked 
|  46|0x00000000c3e00000, 0x00000000c3edf470, 0x00000000c3f00000| 87%| S|CS|TAMS 0x00000000c3e00000, 0x00000000c3e00000| Complete 
|  47|0x00000000c3f00000, 0x00000000c4000000, 0x00000000c4000000|100%| S|CS|TAMS 0x00000000c3f00000, 0x00000000c3f00000| Complete 
|  48|0x00000000c4000000, 0x00000000c4100000, 0x00000000c4100000|100%| S|CS|TAMS 0x00000000c4000000, 0x00000000c4000000| Complete 
|  49|0x00000000c4100000, 0x00000000c4100000, 0x00000000c4200000|  0%| F|  |TAMS 0x00000000c4100000, 0x00000000c4100000| Untracked 
|  50|0x00000000c4200000, 0x00000000c4200000, 0x00000000c4300000|  0%| F|  |TAMS 0x00000000c4200000, 0x00000000c4200000| Untracked 
|  51|0x00000000c4300000, 0x00000000c4300000, 0x00000000c4400000|  0%| F|  |TAMS 0x00000000c4300000, 0x00000000c4300000| Untracked 
|  52|0x00000000c4400000, 0x00000000c4400000, 0x00000000c4500000|  0%| F|  |TAMS 0x00000000c4400000, 0x00000000c4400000| Untracked 
|  53|0x00000000c4500000, 0x00000000c4500000, 0x00000000c4600000|  0%| F|  |TAMS 0x00000000c4500000, 0x00000000c4500000| Untracked 
|  54|0x00000000c4600000, 0x00000000c4600000, 0x00000000c4700000|  0%| F|  |TAMS 0x00000000c4600000, 0x00000000c4600000| Untracked 
|  55|0x00000000c4700000, 0x00000000c4700000, 0x00000000c4800000|  0%| F|  |TAMS 0x00000000c4700000, 0x00000000c4700000| Untracked 
|  56|0x00000000c4800000, 0x00000000c4880710, 0x00000000c4900000| 50%| E|  |TAMS 0x00000000c4800000, 0x00000000c4800000| Complete 
|  57|0x00000000c4900000, 0x00000000c4a00000, 0x00000000c4a00000|100%| E|CS|TAMS 0x00000000c4900000, 0x00000000c4900000| Complete 
|  58|0x00000000c4a00000, 0x00000000c4b00000, 0x00000000c4b00000|100%| E|CS|TAMS 0x00000000c4a00000, 0x00000000c4a00000| Complete 
|  59|0x00000000c4b00000, 0x00000000c4c00000, 0x00000000c4c00000|100%| E|CS|TAMS 0x00000000c4b00000, 0x00000000c4b00000| Complete 
|  60|0x00000000c4c00000, 0x00000000c4d00000, 0x00000000c4d00000|100%| E|CS|TAMS 0x00000000c4c00000, 0x00000000c4c00000| Complete 
|  61|0x00000000c4d00000, 0x00000000c4e00000, 0x00000000c4e00000|100%| E|CS|TAMS 0x00000000c4d00000, 0x00000000c4d00000| Complete 
|  62|0x00000000c4e00000, 0x00000000c4f00000, 0x00000000c4f00000|100%| E|CS|TAMS 0x00000000c4e00000, 0x00000000c4e00000| Complete 
|  63|0x00000000c4f00000, 0x00000000c5000000, 0x00000000c5000000|100%| E|CS|TAMS 0x00000000c4f00000, 0x00000000c4f00000| Complete 
|  64|0x00000000c5000000, 0x00000000c5100000, 0x00000000c5100000|100%| E|CS|TAMS 0x00000000c5000000, 0x00000000c5000000| Complete 
|  65|0x00000000c5100000, 0x00000000c5200000, 0x00000000c5200000|100%| E|CS|TAMS 0x00000000c5100000, 0x00000000c5100000| Complete 
|  66|0x00000000c5200000, 0x00000000c5300000, 0x00000000c5300000|100%| E|CS|TAMS 0x00000000c5200000, 0x00000000c5200000| Complete 
|  67|0x00000000c5300000, 0x00000000c5400000, 0x00000000c5400000|100%| E|CS|TAMS 0x00000000c5300000, 0x00000000c5300000| Complete 
|  68|0x00000000c5400000, 0x00000000c5500000, 0x00000000c5500000|100%| E|CS|TAMS 0x00000000c5400000, 0x00000000c5400000| Complete 
|  69|0x00000000c5500000, 0x00000000c5600000, 0x00000000c5600000|100%| E|CS|TAMS 0x00000000c5500000, 0x00000000c5500000| Complete 
|  70|0x00000000c5600000, 0x00000000c5700000, 0x00000000c5700000|100%| E|CS|TAMS 0x00000000c5600000, 0x00000000c5600000| Complete 
|  71|0x00000000c5700000, 0x00000000c5800000, 0x00000000c5800000|100%| E|CS|TAMS 0x00000000c5700000, 0x00000000c5700000| Complete 
|  72|0x00000000c5800000, 0x00000000c5900000, 0x00000000c5900000|100%| E|CS|TAMS 0x00000000c5800000, 0x00000000c5800000| Complete 
|  73|0x00000000c5900000, 0x00000000c5a00000, 0x00000000c5a00000|100%| E|CS|TAMS 0x00000000c5900000, 0x00000000c5900000| Complete 
|  74|0x00000000c5a00000, 0x00000000c5b00000, 0x00000000c5b00000|100%| E|CS|TAMS 0x00000000c5a00000, 0x00000000c5a00000| Complete 
|  75|0x00000000c5b00000, 0x00000000c5c00000, 0x00000000c5c00000|100%| E|CS|TAMS 0x00000000c5b00000, 0x00000000c5b00000| Complete 
|  76|0x00000000c5c00000, 0x00000000c5d00000, 0x00000000c5d00000|100%| E|CS|TAMS 0x00000000c5c00000, 0x00000000c5c00000| Complete 

Card table byte_map: [0x000001af97e80000,0x000001af98080000] _byte_map_base: 0x000001af97878000

Marking Bits (Prev, Next): (CMBitMap*) 0x000001affc9a7930, (CMBitMap*) 0x000001affc9a78f8
 Prev Bits: [0x000001af99240000, 0x000001af9a200000)
 Next Bits: [0x000001af98280000, 0x000001af99240000)

Polling page: 0x000001af80000000

Metaspace:

Usage:
  Non-class:     29.07 MB capacity,    28.59 MB ( 98%) used,   404.44 KB (  1%) free+waste,    94.13 KB ( <1%) overhead. 
      Class:      4.07 MB capacity,     3.75 MB ( 92%) used,   286.95 KB (  7%) free+waste,    46.00 KB (  1%) overhead. 
       Both:     33.15 MB capacity,    32.33 MB ( 98%) used,   691.38 KB (  2%) free+waste,   140.13 KB ( <1%) overhead. 

Virtual space:
  Non-class space:       30.00 MB reserved,      29.20 MB ( 97%) committed 
      Class space:        1.00 GB reserved,       4.17 MB ( <1%) committed 
             Both:        1.03 GB reserved,      33.37 MB (  3%) committed 

Chunk freelists:
   Non-Class:  0 bytes
       Class:  0 bytes
        Both:  0 bytes

MaxMetaspaceSize: 17179869184.00 GB
CompressedClassSpaceSize: 1.00 GB

CodeHeap 'non-profiled nmethods': size=120064Kb used=1037Kb max_used=1037Kb free=119026Kb
 bounds [0x000001af90110000, 0x000001af90380000, 0x000001af97650000]
CodeHeap 'profiled nmethods': size=120000Kb used=4867Kb max_used=4867Kb free=115132Kb
 bounds [0x000001af88be0000, 0x000001af890b0000, 0x000001af90110000]
CodeHeap 'non-nmethods': size=5696Kb used=1210Kb max_used=1238Kb free=4485Kb
 bounds [0x000001af88650000, 0x000001af888c0000, 0x000001af88be0000]
 total_blobs=2966 nmethods=2395 adapters=482
 compilation: enabled
              stopped_count=0, restarted_count=0
 full_count=0

Compilation events (20 events):
Event: 15.460 Thread 0x000001af9c85d000 nmethod 2402 0x000001af90212e90 code [0x000001af90213040, 0x000001af902130d8]
Event: 15.860 Thread 0x000001af9c85d000 2403       3       io.netty.util.internal.shaded.org.jctools.queues.MpscUnboundedArrayQueue::poll (5 bytes)
Event: 15.860 Thread 0x000001af9c85d000 nmethod 2403 0x000001af89098b90 code [0x000001af89098d40, 0x000001af89098e68]
Event: 15.860 Thread 0x000001af9c85d000 2404       3       io.netty.util.internal.shaded.org.jctools.queues.BaseMpscLinkedArrayQueue::poll (108 bytes)
Event: 15.861 Thread 0x000001af9c85d000 nmethod 2404 0x000001af89098f10 code [0x000001af89099180, 0x000001af89099e38]
Event: 16.052 Thread 0x000001af9c85d000 2405       3       java.lang.invoke.DirectMethodHandle$Holder::invokeStatic (20 bytes)
Event: 16.052 Thread 0x000001af9c85d000 nmethod 2405 0x000001af8909a290 code [0x000001af8909a460, 0x000001af8909a938]
Event: 16.052 Thread 0x000001af9c85d000 2406       3       java.lang.StringConcatHelper::prepend (16 bytes)
Event: 16.053 Thread 0x000001af9c85d000 nmethod 2406 0x000001af8909aa90 code [0x000001af8909ac60, 0x000001af8909ae88]
Event: 16.089 Thread 0x000001af9c85d000 2407   !   3       java.util.concurrent.ConcurrentHashMap::initTable (112 bytes)
Event: 16.090 Thread 0x000001af9c85d000 nmethod 2407 0x000001af8909b010 code [0x000001af8909b200, 0x000001af8909b788]
Event: 16.090 Thread 0x000001af9c85d000 2408       1       io.netty.channel.DefaultChannelPipeline::channel (5 bytes)
Event: 16.090 Thread 0x000001af9c85d000 nmethod 2408 0x000001af90213190 code [0x000001af90213340, 0x000001af902133f8]
Event: 16.094 Thread 0x000001af9c85d000 2409       3       java.util.LinkedList::<init> (10 bytes)
Event: 16.094 Thread 0x000001af9c85d000 nmethod 2409 0x000001af8909b990 code [0x000001af8909bb60, 0x000001af8909bdd8]
Event: 16.094 Thread 0x000001af9c85d000 2410       3       java.util.AbstractSequentialList::<init> (5 bytes)
Event: 16.094 Thread 0x000001af9c85d000 nmethod 2410 0x000001af8909bf10 code [0x000001af8909c0e0, 0x000001af8909c2f8]
Event: 16.094 Thread 0x000001af9c85d000 2411       3       java.util.HashMap$HashMapSpliterator::<init> (32 bytes)
Event: 16.094 Thread 0x000001af9c85d000 nmethod 2411 0x000001af8909c410 code [0x000001af8909c5c0, 0x000001af8909c778]
Event: 16.097 Thread 0x000001af9c84b800 2412   !   4       java.util.zip.InflaterInputStream::read (138 bytes)

GC Heap History (14 events):
Event: 0.746 GC heap before
{Heap before GC invocations=0 (full 0):
 garbage-first heap   total 65536K, used 14336K [0x00000000c1000000, 0x0000000100000000)
  region size 1024K, 14 young (14336K), 0 survivors (0K)
 Metaspace       used 9571K, capacity 9722K, committed 9984K, reserved 1058816K
  class space    used 873K, capacity 923K, committed 1024K, reserved 1048576K
}
Event: 0.754 GC heap after
{Heap after GC invocations=1 (full 0):
 garbage-first heap   total 65536K, used 7335K [0x00000000c1000000, 0x0000000100000000)
  region size 1024K, 2 young (2048K), 2 survivors (2048K)
 Metaspace       used 9571K, capacity 9722K, committed 9984K, reserved 1058816K
  class space    used 873K, capacity 923K, committed 1024K, reserved 1048576K
}
Event: 1.058 GC heap before
{Heap before GC invocations=1 (full 0):
 garbage-first heap   total 65536K, used 15527K [0x00000000c1000000, 0x0000000100000000)
  region size 1024K, 10 young (10240K), 2 survivors (2048K)
 Metaspace       used 12321K, capacity 12532K, committed 12544K, reserved 1060864K
  class space    used 1190K, capacity 1269K, committed 1280K, reserved 1048576K
}
Event: 1.064 GC heap after
{Heap after GC invocations=2 (full 0):
 garbage-first heap   total 65536K, used 8006K [0x00000000c1000000, 0x0000000100000000)
  region size 1024K, 1 young (1024K), 1 survivors (1024K)
 Metaspace       used 12321K, capacity 12532K, committed 12544K, reserved 1060864K
  class space    used 1190K, capacity 1269K, committed 1280K, reserved 1048576K
}
Event: 2.273 GC heap before
{Heap before GC invocations=2 (full 0):
 garbage-first heap   total 65536K, used 28486K [0x00000000c1000000, 0x0000000100000000)
  region size 1024K, 21 young (21504K), 1 survivors (1024K)
 Metaspace       used 16056K, capacity 16347K, committed 16640K, reserved 1064960K
  class space    used 1596K, capacity 1718K, committed 1792K, reserved 1048576K
}
Event: 2.278 GC heap after
{Heap after GC invocations=3 (full 0):
 garbage-first heap   total 65536K, used 8798K [0x00000000c1000000, 0x0000000100000000)
  region size 1024K, 2 young (2048K), 2 survivors (2048K)
 Metaspace       used 16056K, capacity 16347K, committed 16640K, reserved 1064960K
  class space    used 1596K, capacity 1718K, committed 1792K, reserved 1048576K
}
Event: 2.741 GC heap before
{Heap before GC invocations=3 (full 0):
 garbage-first heap   total 65536K, used 32350K [0x00000000c1000000, 0x0000000100000000)
  region size 1024K, 25 young (25600K), 2 survivors (2048K)
 Metaspace       used 18388K, capacity 18815K, committed 19072K, reserved 1067008K
  class space    used 1895K, capacity 2075K, committed 2176K, reserved 1048576K
}
Event: 2.748 GC heap after
{Heap after GC invocations=4 (full 0):
 garbage-first heap   total 65536K, used 9401K [0x00000000c1000000, 0x0000000100000000)
  region size 1024K, 2 young (2048K), 2 survivors (2048K)
 Metaspace       used 18388K, capacity 18815K, committed 19072K, reserved 1067008K
  class space    used 1895K, capacity 2075K, committed 2176K, reserved 1048576K
}
Event: 3.161 GC heap before
{Heap before GC invocations=4 (full 0):
 garbage-first heap   total 65536K, used 19641K [0x00000000c1000000, 0x0000000100000000)
  region size 1024K, 13 young (13312K), 2 survivors (2048K)
 Metaspace       used 20789K, capacity 21181K, committed 21296K, reserved 1069056K
  class space    used 2152K, capacity 2306K, committed 2352K, reserved 1048576K
}
Event: 3.172 GC heap after
{Heap after GC invocations=5 (full 0):
 garbage-first heap   total 65536K, used 11100K [0x00000000c1000000, 0x0000000100000000)
  region size 1024K, 4 young (4096K), 4 survivors (4096K)
 Metaspace       used 20789K, capacity 21181K, committed 21296K, reserved 1069056K
  class space    used 2152K, capacity 2306K, committed 2352K, reserved 1048576K
}
Event: 3.775 GC heap before
{Heap before GC invocations=6 (full 0):
 garbage-first heap   total 65536K, used 33628K [0x00000000c1000000, 0x0000000100000000)
  region size 1024K, 26 young (26624K), 4 survivors (4096K)
 Metaspace       used 23525K, capacity 24092K, committed 24316K, reserved 1071104K
  class space    used 2548K, capacity 2766K, committed 2864K, reserved 1048576K
}
Event: 3.788 GC heap after
{Heap after GC invocations=7 (full 0):
 garbage-first heap   total 78848K, used 12367K [0x00000000c1000000, 0x0000000100000000)
  region size 1024K, 3 young (3072K), 3 survivors (3072K)
 Metaspace       used 23525K, capacity 24092K, committed 24316K, reserved 1071104K
  class space    used 2548K, capacity 2766K, committed 2864K, reserved 1048576K
}
Event: 8.631 GC heap before
{Heap before GC invocations=7 (full 0):
 garbage-first heap   total 78848K, used 41039K [0x00000000c1000000, 0x0000000100000000)
  region size 1024K, 31 young (31744K), 3 survivors (3072K)
 Metaspace       used 29731K, capacity 30427K, committed 30588K, reserved 1077248K
  class space    used 3348K, capacity 3630K, committed 3760K, reserved 1048576K
}
Event: 8.640 GC heap after
{Heap after GC invocations=8 (full 0):
 garbage-first heap   total 78848K, used 14054K [0x00000000c1000000, 0x0000000100000000)
  region size 1024K, 3 young (3072K), 3 survivors (3072K)
 Metaspace       used 29731K, capacity 30427K, committed 30588K, reserved 1077248K
  class space    used 3348K, capacity 3630K, committed 3760K, reserved 1048576K
}

Deoptimization events (20 events):
Event: 3.970 Thread 0x000001affc979800 DEOPT PACKING pc=0x000001af88e42fd0 sp=0x0000002ec3bf7080
Event: 3.970 Thread 0x000001affc979800 DEOPT UNPACKING pc=0x000001af88676dde sp=0x0000002ec3bf6520 mode 0
Event: 4.348 Thread 0x000001affc979800 DEOPT PACKING pc=0x000001af88e42fd0 sp=0x0000002ec3bf8880
Event: 4.348 Thread 0x000001affc979800 DEOPT UNPACKING pc=0x000001af88676dde sp=0x0000002ec3bf7d20 mode 0
Event: 4.438 Thread 0x000001affc979800 Uncommon trap: trap_request=0xffffff4d fr.pc=0x000001af90187460 relative=0x00000000000005a0
Event: 4.438 Thread 0x000001affc979800 Uncommon trap: reason=unstable_if action=reinterpret pc=0x000001af90187460 method=java.lang.String.replace(CC)Ljava/lang/String; @ 2 c2
Event: 4.438 Thread 0x000001affc979800 DEOPT PACKING pc=0x000001af90187460 sp=0x0000002ec3bfd3c0
Event: 4.438 Thread 0x000001affc979800 DEOPT UNPACKING pc=0x000001af8867662f sp=0x0000002ec3bfd380 mode 2
Event: 4.743 Thread 0x000001af9e465800 Uncommon trap: trap_request=0xffffff4d fr.pc=0x000001af901aa844 relative=0x00000000000000a4
Event: 4.743 Thread 0x000001af9e465800 Uncommon trap: reason=unstable_if action=reinterpret pc=0x000001af901aa844 method=java.lang.CharacterDataLatin1.digit(II)I @ 12 c2
Event: 4.743 Thread 0x000001af9e465800 DEOPT PACKING pc=0x000001af901aa844 sp=0x0000002ec55fe2d0
Event: 4.743 Thread 0x000001af9e465800 DEOPT UNPACKING pc=0x000001af8867662f sp=0x0000002ec55fe248 mode 2
Event: 8.510 Thread 0x000001affc979800 Uncommon trap: trap_request=0xffffff4d fr.pc=0x000001af9017ea6c relative=0x000000000000044c
Event: 8.510 Thread 0x000001affc979800 Uncommon trap: reason=unstable_if action=reinterpret pc=0x000001af9017ea6c method=jdk.internal.org.objectweb.asm.Type.getArgumentsAndReturnSizes(Ljava/lang/String;)I @ 41 c2
Event: 8.510 Thread 0x000001affc979800 DEOPT PACKING pc=0x000001af9017ea6c sp=0x0000002ec3bfbd20
Event: 8.510 Thread 0x000001affc979800 DEOPT UNPACKING pc=0x000001af8867662f sp=0x0000002ec3bfbcb0 mode 2
Event: 8.704 Thread 0x000001affc979800 Uncommon trap: trap_request=0xffffff4d fr.pc=0x000001af901e6100 relative=0x00000000000001a0
Event: 8.704 Thread 0x000001affc979800 Uncommon trap: reason=unstable_if action=reinterpret pc=0x000001af901e6100 method=java.util.regex.Pattern$BmpCharProperty.match(Ljava/util/regex/Matcher;ILjava/lang/CharSequence;)Z @ 39 c2
Event: 8.704 Thread 0x000001affc979800 DEOPT PACKING pc=0x000001af901e6100 sp=0x0000002ec3bfcb20
Event: 8.704 Thread 0x000001affc979800 DEOPT UNPACKING pc=0x000001af8867662f sp=0x0000002ec3bfcad0 mode 2

Classes redefined (0 events):
No events

Internal exceptions (20 events):
Event: 4.410 Thread 0x000001affc979800 Exception <a 'java/lang/NoSuchMethodError'{0x00000000c48c86e0}: 'int java.lang.invoke.DirectMethodHandle$Holder.invokeSpecialIFC(java.lang.Object, java.lang.Object, java.lang.Object, java.lang.Object)'> (0x00000000c48c86e0) thrown at [./src/hotspot/share/interpreter/linkResolver.cpp, line 773]
Event: 5.247 Thread 0x000001af9e465800 Exception <a 'java/net/SocketTimeoutException'{0x00000000c46d03d8}: connect timed out> (0x00000000c46d03d8) thrown at [./src/hotspot/share/prims/jni.cpp, line 636]
Event: 5.776 Thread 0x000001af9e465800 Exception <a 'java/net/SocketTimeoutException'{0x00000000c46d1460}: connect timed out> (0x00000000c46d1460) thrown at [./src/hotspot/share/prims/jni.cpp, line 636]
Event: 6.308 Thread 0x000001af9e465800 Exception <a 'java/net/SocketTimeoutException'{0x00000000c46d23d8}: connect timed out> (0x00000000c46d23d8) thrown at [./src/hotspot/share/prims/jni.cpp, line 636]
Event: 6.856 Thread 0x000001af9e465800 Exception <a 'java/net/SocketTimeoutException'{0x00000000c46d3350}: connect timed out> (0x00000000c46d3350) thrown at [./src/hotspot/share/prims/jni.cpp, line 636]
Event: 7.372 Thread 0x000001af9e545800 Exception <a 'java/lang/NoSuchMethodError'{0x00000000c46a21d8}: 'void java.lang.invoke.DirectMethodHandle$Holder.invokeStatic(java.lang.Object, long)'> (0x00000000c46a21d8) thrown at [./src/hotspot/share/interpreter/linkResolver.cpp, line 773]
Event: 7.372 Thread 0x000001af9e545800 Exception <a 'java/lang/NoSuchMethodError'{0x00000000c46fbd58}: 'java.lang.Object java.lang.invoke.DirectMethodHandle$Holder.invokeStatic(java.lang.Object, long)'> (0x00000000c46fbd58) thrown at [./src/hotspot/share/interpreter/linkResolver.cpp, line 773]
Event: 7.373 Thread 0x000001af9e545800 Exception <a 'java/lang/NoSuchMethodError'{0x00000000c46fef98}: 'java.lang.Object java.lang.invoke.DirectMethodHandle$Holder.invokeSpecial(java.lang.Object, java.lang.Object, long)'> (0x00000000c46fef98) thrown at [./src/hotspot/share/interpreter/linkResolver.cpp, line 773]
Event: 7.376 Thread 0x000001af9e545800 Exception <a 'java/lang/NoSuchMethodError'{0x00000000c4509f70}: 'java.lang.Object java.lang.invoke.DirectMethodHandle$Holder.invokeStaticInit(java.lang.Object, java.lang.Object, long, java.lang.Object)'> (0x00000000c4509f70) thrown at [./src/hotspot/share/interpreter/linkResolver.cpp, line 773]
Event: 7.377 Thread 0x000001af9e545800 Exception <a 'java/lang/NoSuchMethodError'{0x00000000c4512ce0}: 'java.lang.Object java.lang.invoke.Invokers$Holder.linkToTargetMethod(java.lang.Object, long, java.lang.Object)'> (0x00000000c4512ce0) thrown at [./src/hotspot/share/interpreter/linkResolver.cpp, line 773]
Event: 7.445 Thread 0x000001af9e465800 Exception <a 'java/net/SocketTimeoutException'{0x00000000c46d42c8}: connect timed out> (0x00000000c46d42c8) thrown at [./src/hotspot/share/prims/jni.cpp, line 636]
Event: 8.119 Thread 0x000001af9e465800 Exception <a 'java/net/SocketTimeoutException'{0x00000000c46d5240}: connect timed out> (0x00000000c46d5240) thrown at [./src/hotspot/share/prims/jni.cpp, line 636]
Event: 8.509 Thread 0x000001affc979800 Exception <a 'java/lang/NoSuchMethodError'{0x00000000c45cfe28}: 'double java.lang.invoke.DirectMethodHandle$Holder.invokeVirtual(java.lang.Object, java.lang.Object)'> (0x00000000c45cfe28) thrown at [./src/hotspot/share/interpreter/linkResolver.cpp, line 773]
Event: 8.510 Thread 0x000001affc979800 Exception <a 'java/lang/NoSuchMethodError'{0x00000000c45d5be8}: 'float java.lang.invoke.DirectMethodHandle$Holder.invokeVirtual(java.lang.Object, java.lang.Object)'> (0x00000000c45d5be8) thrown at [./src/hotspot/share/interpreter/linkResolver.cpp, line 773]
Event: 8.511 Thread 0x000001affc979800 Exception <a 'java/lang/NoSuchMethodError'{0x00000000c45de088}: 'long java.lang.invoke.DirectMethodHandle$Holder.invokeVirtual(java.lang.Object, java.lang.Object)'> (0x00000000c45de088) thrown at [./src/hotspot/share/interpreter/linkResolver.cpp, line 773]
Event: 8.517 Thread 0x000001affc979800 Exception <a 'java/lang/NoSuchMethodError'{0x00000000c441d9e8}: 'java.lang.Object java.lang.invoke.DirectMethodHandle$Holder.invokeVirtual(java.lang.Object, java.lang.Object, java.lang.Object)'> (0x00000000c441d9e8) thrown at [./src/hotspot/share/interpreter/linkResolver.cpp, line 773]
Event: 8.551 Thread 0x000001affc979800 Exception <a 'java/lang/NoSuchMethodError'{0x00000000c4360f28}: 'void java.lang.invoke.DirectMethodHandle$Holder.invokeSpecial(java.lang.Object, java.lang.Object, java.lang.Object, java.lang.Object, java.lang.Object)'> (0x00000000c4360f28) thrown at [./src/hotspot/share/interpreter/linkResolver.cpp, line 773]
Event: 8.554 Thread 0x000001affc979800 Exception <a 'java/lang/NoSuchMethodError'{0x00000000c43679f8}: 'void java.lang.invoke.DirectMethodHandle$Holder.invokeStatic(java.lang.Object, java.lang.Object, int)'> (0x00000000c43679f8) thrown at [./src/hotspot/share/interpreter/linkResolver.cpp, line 773]
Event: 8.644 Thread 0x000001affc979800 Exception <a 'java/lang/NoSuchMethodError'{0x00000000c5c0e6f0}: 'int java.lang.invoke.DirectMethodHandle$Holder.invokeSpecialIFC(java.lang.Object, java.lang.Object, java.lang.Object)'> (0x00000000c5c0e6f0) thrown at [./src/hotspot/share/interpreter/linkResolver.cpp, line 773]
Event: 8.778 Thread 0x000001affc979800 Exception <a 'java/lang/NoSuchMethodError'{0x00000000c57ff628}: 'void java.lang.invoke.DirectMethodHandle$Holder.invokeSpecial(java.lang.Object, java.lang.Object, java.lang.Object, java.lang.Object, java.lang.Object, java.lang.Object)'> (0x00000000c57ff628) thrown at [./src/hotspot/share/interpreter/linkResolver.cpp, line 773]

Events (20 events):
Event: 16.090 loading class org/asynchttpclient/Response
Event: 16.090 loading class org/asynchttpclient/Response done
Event: 16.091 loading class io/netty/handler/codec/HeadersUtils$StringIterator
Event: 16.091 loading class io/netty/handler/codec/HeadersUtils$StringIterator done
Event: 16.092 loading class org/openqa/selenium/remote/http/HttpResponse
Event: 16.092 loading class org/openqa/selenium/remote/http/HttpResponse done
Event: 16.092 loading class org/openqa/selenium/remote/http/HttpResponse
Event: 16.092 loading class org/openqa/selenium/remote/http/HttpResponse done
Event: 16.094 loading class com/google/common/net/MediaType
Event: 16.094 loading class com/google/common/net/MediaType done
Event: 16.097 loading class com/google/common/base/Charsets
Event: 16.097 loading class com/google/common/base/Charsets done
Event: 16.097 loading class com/google/common/base/Ascii
Event: 16.097 loading class com/google/common/base/Ascii done
Event: 16.099 loading class com/google/common/collect/ImmutableListMultimap
Event: 16.099 loading class com/google/common/collect/ImmutableListMultimap done
Event: 16.102 loading class com/google/common/collect/ImmutableMultimap$Values
Event: 16.102 loading class com/google/common/collect/ImmutableMultimap$Values done
Event: 16.103 loading class com/google/common/collect/ImmutableMultimap$1
Event: 16.103 loading class com/google/common/collect/ImmutableMultimap$1 done


Dynamic libraries:
0x00007ff777920000 - 0x00007ff77792d000 	C:\Program Files\Amazon Corretto\jdk11.0.11_9\bin\java.exe
0x00007fff8b030000 - 0x00007fff8b228000 	C:\Windows\SYSTEM32\ntdll.dll
0x00007fff8a4d0000 - 0x00007fff8a58f000 	C:\Windows\System32\KERNEL32.DLL
0x00007fff88730000 - 0x00007fff88a02000 	C:\Windows\System32\KERNELBASE.dll
0x00007fff65610000 - 0x00007fff656d9000 	C:\Program Files\Bitdefender\Bitdefender Security\bdhkm\dlls_266171711356750398\bdhkm64.dll
0x00007fff654e0000 - 0x00007fff6560a000 	C:\Program Files\Bitdefender\Bitdefender Security\atcuf\dlls_266190133786391870\atcuf64.dll
0x00007fff88a60000 - 0x00007fff88b60000 	C:\Windows\System32\ucrtbase.dll
0x00007fff67f70000 - 0x00007fff67f87000 	C:\Program Files\Amazon Corretto\jdk11.0.11_9\bin\jli.dll
0x00007fff8a280000 - 0x00007fff8a41d000 	C:\Windows\System32\USER32.dll
0x00007fff89050000 - 0x00007fff89072000 	C:\Windows\System32\win32u.dll
0x00007fff8a040000 - 0x00007fff8a06b000 	C:\Windows\System32\GDI32.dll
0x00007fff88cc0000 - 0x00007fff88dcf000 	C:\Windows\System32\gdi32full.dll
0x00007fff88fb0000 - 0x00007fff8904d000 	C:\Windows\System32\msvcp_win.dll
0x00007fff67ef0000 - 0x00007fff67f09000 	C:\Program Files\Amazon Corretto\jdk11.0.11_9\bin\VCRUNTIME140.dll
0x00007fff74540000 - 0x00007fff747da000 	C:\Windows\WinSxS\amd64_microsoft.windows.common-controls_6595b64144ccf1df_6.0.19041.1110_none_60b5254171f9507e\COMCTL32.dll
0x00007fff8aed0000 - 0x00007fff8af6e000 	C:\Windows\System32\msvcrt.dll
0x00007fff89fe0000 - 0x00007fff8a012000 	C:\Windows\System32\IMM32.DLL
0x00007fff67750000 - 0x00007fff677eb000 	C:\Program Files\Amazon Corretto\jdk11.0.11_9\bin\msvcp140.dll
0x00007fff64210000 - 0x00007fff64d5c000 	C:\Program Files\Amazon Corretto\jdk11.0.11_9\bin\server\jvm.dll
0x00007fff89c30000 - 0x00007fff89cde000 	C:\Windows\System32\ADVAPI32.dll
0x00007fff893e0000 - 0x00007fff8947c000 	C:\Windows\System32\sechost.dll
0x00007fff8a720000 - 0x00007fff8a845000 	C:\Windows\System32\RPCRT4.dll
0x00007fff8a030000 - 0x00007fff8a038000 	C:\Windows\System32\PSAPI.DLL
0x00007fff67740000 - 0x00007fff67749000 	C:\Windows\SYSTEM32\WSOCK32.dll
0x00007fff89ce0000 - 0x00007fff89d4b000 	C:\Windows\System32\WS2_32.dll
0x00007fff81640000 - 0x00007fff81667000 	C:\Windows\SYSTEM32\WINMM.dll
0x00007fff80200000 - 0x00007fff8020a000 	C:\Windows\SYSTEM32\VERSION.dll
0x00007fff865f0000 - 0x00007fff86602000 	C:\Windows\SYSTEM32\kernel.appcore.dll
0x00007fff67710000 - 0x00007fff67720000 	C:\Program Files\Amazon Corretto\jdk11.0.11_9\bin\verify.dll
0x00007fff85ec0000 - 0x00007fff860a4000 	C:\Windows\SYSTEM32\DBGHELP.DLL
0x00007fff68080000 - 0x00007fff680ac000 	C:\Windows\SYSTEM32\dbgcore.DLL
0x00007fff88dd0000 - 0x00007fff88e52000 	C:\Windows\System32\bcryptPrimitives.dll
0x00007fff63fd0000 - 0x00007fff63ff8000 	C:\Program Files\Amazon Corretto\jdk11.0.11_9\bin\java.dll
0x00007fff63fc0000 - 0x00007fff63fca000 	C:\Program Files\Amazon Corretto\jdk11.0.11_9\bin\jimage.dll
0x00007fff63fa0000 - 0x00007fff63fb7000 	C:\Program Files\Amazon Corretto\jdk11.0.11_9\bin\zip.dll
0x00007fff894e0000 - 0x00007fff89c23000 	C:\Windows\System32\SHELL32.dll
0x00007fff867f0000 - 0x00007fff86f82000 	C:\Windows\SYSTEM32\windows.storage.dll
0x00007fff89080000 - 0x00007fff893d4000 	C:\Windows\System32\combase.dll
0x00007fff88190000 - 0x00007fff881c0000 	C:\Windows\SYSTEM32\Wldp.dll
0x00007fff8a140000 - 0x00007fff8a1ed000 	C:\Windows\System32\SHCORE.dll
0x00007fff8a850000 - 0x00007fff8a8a5000 	C:\Windows\System32\shlwapi.dll
0x00007fff88670000 - 0x00007fff8868f000 	C:\Windows\SYSTEM32\profapi.dll
0x00007fff63390000 - 0x00007fff633a9000 	C:\Program Files\Amazon Corretto\jdk11.0.11_9\bin\net.dll
0x00007fff7a7f0000 - 0x00007fff7a8fc000 	C:\Windows\SYSTEM32\WINHTTP.dll
0x00007fff87ef0000 - 0x00007fff87f5a000 	C:\Windows\system32\mswsock.dll
0x00007fff63370000 - 0x00007fff63382000 	C:\Program Files\Amazon Corretto\jdk11.0.11_9\bin\nio.dll
0x00007fff60dd0000 - 0x00007fff60dd9000 	C:\Program Files\Amazon Corretto\jdk11.0.11_9\bin\management.dll
0x00007fff5f5f0000 - 0x00007fff5f5fb000 	C:\Program Files\Amazon Corretto\jdk11.0.11_9\bin\management_ext.dll
0x00007fff880f0000 - 0x00007fff88108000 	C:\Windows\SYSTEM32\CRYPTSP.dll
0x00007fff877a0000 - 0x00007fff877d4000 	C:\Windows\system32\rsaenh.dll
0x00007fff88e60000 - 0x00007fff88e87000 	C:\Windows\System32\bcrypt.dll
0x00007fff88630000 - 0x00007fff8865e000 	C:\Windows\SYSTEM32\USERENV.dll
0x00007fff880e0000 - 0x00007fff880ec000 	C:\Windows\SYSTEM32\CRYPTBASE.dll
0x00007fff87b90000 - 0x00007fff87bcb000 	C:\Windows\SYSTEM32\IPHLPAPI.DLL
0x00007fff8a020000 - 0x00007fff8a028000 	C:\Windows\System32\NSI.dll
0x00007fff7fbb0000 - 0x00007fff7fbc7000 	C:\Windows\SYSTEM32\dhcpcsvc6.DLL
0x00007fff80c20000 - 0x00007fff80c3d000 	C:\Windows\SYSTEM32\dhcpcsvc.DLL
0x00007fff87bd0000 - 0x00007fff87c9a000 	C:\Windows\SYSTEM32\DNSAPI.dll
0x00007fff7e070000 - 0x00007fff7e079000 	C:\Program Files\Amazon Corretto\jdk11.0.11_9\bin\prefs.dll
0x00007fff63280000 - 0x00007fff6328e000 	C:\Program Files\Amazon Corretto\jdk11.0.11_9\bin\sunmscapi.dll
0x00007fff88b60000 - 0x00007fff88cb6000 	C:\Windows\System32\CRYPT32.dll
0x00007fff88200000 - 0x00007fff88227000 	C:\Windows\SYSTEM32\ncrypt.dll
0x00007fff881c0000 - 0x00007fff881fb000 	C:\Windows\SYSTEM32\NTASN1.dll
0x00007fff63250000 - 0x00007fff63275000 	C:\Program Files\Amazon Corretto\jdk11.0.11_9\bin\sunec.dll
0x00007fff80250000 - 0x00007fff8025a000 	C:\Windows\System32\rasadhlp.dll
0x00007fff6da20000 - 0x00007fff6daa0000 	C:\Windows\System32\fwpuclnt.dll
0x00007fff67e30000 - 0x00007fff67e47000 	C:\Windows\system32\napinsp.dll
0x00007fff66ea0000 - 0x00007fff66ebb000 	C:\Windows\system32\pnrpnsp.dll
0x00007fff83110000 - 0x00007fff83125000 	C:\Windows\system32\wshbth.dll
0x00007fff83f80000 - 0x00007fff83f9d000 	C:\Windows\system32\NLAapi.dll
0x00007fff66d90000 - 0x00007fff66da2000 	C:\Windows\System32\winrnr.dll

dbghelp: loaded successfully - version: 4.0.5 - missing functions: none
symbol engine: initialized successfully - sym options: 0x614 - pdb path: .;C:\Program Files\Amazon Corretto\jdk11.0.11_9\bin;C:\Windows\SYSTEM32;C:\Program Files\Bitdefender\Bitdefender Security\bdhkm\dlls_266171711356750398;C:\Program Files\Bitdefender\Bitdefender Security\atcuf\dlls_266190133786391870;C:\Windows\WinSxS\amd64_microsoft.windows.common-controls_6595b64144ccf1df_6.0.19041.1110_none_60b5254171f9507e;C:\Program Files\Amazon Corretto\jdk11.0.11_9\bin\server

VM Arguments:
java_command: C:\Users\haris\AppData\Local\Temp\surefire12124826836420694401\surefirebooter-20221118113435645_3.jar C:\Users\haris\AppData\Local\Temp\surefire12124826836420694401 2022-11-18T11-34-34_141-jvmRun1 surefire-20221118113435645_1tmp surefire_0-20221118113435645_2tmp
java_class_path (initial): C:\Users\haris\AppData\Local\Temp\surefire12124826836420694401\surefirebooter-20221118113435645_3.jar
Launcher Type: SUN_STANDARD

[Global flags]
     intx CICompilerCount                          = 3                                         {product} {ergonomic}
     uint ConcGCThreads                            = 1                                         {product} {ergonomic}
     uint G1ConcRefinementThreads                  = 4                                         {product} {ergonomic}
   size_t G1HeapRegionSize                         = 1048576                                   {product} {ergonomic}
    uintx GCDrainStackTargetSize                   = 64                                        {product} {ergonomic}
   size_t InitialHeapSize                          = 67108864                                  {product} {ergonomic}
   size_t MarkStackSize                            = 4194304                                   {product} {ergonomic}
   size_t MaxHeapSize                              = 1056964608                                {product} {ergonomic}
   size_t MaxNewSize                               = 633339904                                 {product} {ergonomic}
   size_t MinHeapDeltaBytes                        = 1048576                                   {product} {ergonomic}
    uintx NonNMethodCodeHeapSize                   = 5830732                                {pd product} {ergonomic}
    uintx NonProfiledCodeHeapSize                  = 122913754                              {pd product} {ergonomic}
    uintx ProfiledCodeHeapSize                     = 122913754                              {pd product} {ergonomic}
    uintx ReservedCodeCacheSize                    = 251658240                              {pd product} {ergonomic}
     bool SegmentedCodeCache                       = true                                      {product} {ergonomic}
     bool UseCompressedClassPointers               = true                                 {lp64_product} {ergonomic}
     bool UseCompressedOops                        = true                                 {lp64_product} {ergonomic}
     bool UseG1GC                                  = true                                      {product} {ergonomic}
     bool UseLargePagesIndividualAllocation        = false                                  {pd product} {ergonomic}

Logging:
Log output configuration:
 #0: stdout all=warning uptime,level,tags
 #1: stderr all=off uptime,level,tags

Environment Variables:
JAVA_HOME=C:\Program Files\Amazon Corretto\jdk11.0.11_9
PATH=C:\Program Files\Common Files\Oracle\Java\javapath;E:\oracle\product\10.2.0\db_1\bin;C:\Program Files\Oracle 10g DB\oracle\product\10.2.0\db_1\bin;C:\Program Files\Amazon Corretto\jdk11.0.11_9\bin;%JAVA_HOME%\bin;C:\Windows\system32;C:\Windows;C:\Windows\System32\Wbem;C:\Windows\System32\WindowsPowerShell\v1.0\;C:\Windows\System32\OpenSSH\;C:\Program Files\apache-maven-3.8.6\bin;%M2_HOME%\bin;%MAVEN_HOME%\bin;C:\Program Files\SourceGear\Common\DiffMerge\;C:\Program Files\Git\cmd;C:\Program Files\dotnet\;C:\Program Files\MySQL\MySQL Server 5.5\bin;C:\Program Files\nodejs\;C:\Users\haris\anaconda3;C:\Users\haris\anaconda3\Library\mingw-w64\bin;C:\Users\haris\anaconda3\Library\usr\bin;C:\Users\haris\anaconda3\Library\bin;C:\Users\haris\anaconda3\Scripts;C:\Users\haris\AppData\Local\Microsoft\WindowsApps;C:\Users\haris\AppData\Local\Programs\Microsoft VS Code\bin;C:\Users\haris\AppData\Roaming\npm
USERNAME=haris
OS=Windows_NT
PROCESSOR_IDENTIFIER=Intel64 Family 6 Model 69 Stepping 1, GenuineIntel



---------------  S Y S T E M  ---------------

OS: Windows 10 , 64 bit Build 19041 (10.0.19041.2251)
OS uptime: 5 days 16:12 hours

CPU:total 4 (initial active 4) (2 cores per cpu, 2 threads per core) family 6 model 69 stepping 1 microcode 0x25, cmov, cx8, fxsr, mmx, sse, sse2, sse3, ssse3, sse4.1, sse4.2, popcnt, avx, avx2, aes, clmul, erms, lzcnt, ht, tsc, tscinvbit, bmi1, bmi2, fma

Memory: 4k page, system-wide physical 4026M (382M free)
TotalPageFile size 32046M (AvailPageFile size 8M)
current process WorkingSet (physical memory assigned to process): 147M, peak: 166M
current process commit charge ("private bytes"): 201M, peak: 219M

vm_info: OpenJDK 64-Bit Server VM (11.0.11+9-LTS) for windows-amd64 JRE (11.0.11+9-LTS), built on Apr 14 2021 00:00:20 by "Administrator" with MS VC++ 15.9 (VS2017)

END.
