#
# There is insufficient memory for the Java Runtime Environment to continue.
# Native memory allocation (mmap) failed to map 67108864 bytes for Failed to commit area from 0x00000000c1000000 to 0x00000000c5000000 of length 67108864.
# Possible reasons:
#   The system is out of physical RAM or swap space
#   The process is running with CompressedOops enabled, and the Java Heap may be blocking the growth of the native heap
# Possible solutions:
#   Reduce memory load on the system
#   Increase physical memory or swap space
#   Check if swap backing store is full
#   Decrease Java heap size (-Xmx/-Xms)
#   Decrease number of Java threads
#   Decrease Java thread stack sizes (-Xss)
#   Set larger code cache with -XX:ReservedCodeCacheSize=
# This output file may be truncated or incomplete.
#
#  Out of Memory Error (./src/hotspot/os/windows/os_windows.cpp:3301), pid=15128, tid=18600
#
# JRE version:  (11.0.11+9) (build )
# Java VM: OpenJDK 64-Bit Server VM (11.0.11+9-LTS, mixed mode, sharing, tiered, compressed oops, g1 gc, windows-amd64)
# No core dump will be written. Minidumps are not enabled by default on client versions of Windows
#

---------------  S U M M A R Y ------------

Command Line: -Dclassworlds.conf=C:\Program Files\apache-maven-3.8.6\bin\m2.conf -Dmaven.home=C:\Program Files\apache-maven-3.8.6 -Dlibrary.jansi.path=C:\Program Files\apache-maven-3.8.6\lib\jansi-native -Dmaven.multiModuleProjectDirectory=D:\QSPIDERS (QS)\Courses\Advanced Selenium\Chaitra maam\AdvanceSeleniumWorkspace\Vtiger.WASM6.Framework org.codehaus.plexus.classworlds.launcher.Launcher clean

Host: Intel(R) Core(TM) i5-4200U CPU @ 1.60GHz, 4 cores, 3G,  Windows 10 , 64 bit Build 19041 (10.0.19041.2251)
Time: Fri Nov 18 10:47:08 2022 India Standard Time elapsed time: 0.083780 seconds (0d 0h 0m 0s)

---------------  T H R E A D  ---------------

Current thread (0x00000209198ba800):  JavaThread "Unknown thread" [_thread_in_vm, id=18600, stack(0x000000cd9ad00000,0x000000cd9ae00000)]

Stack: [0x000000cd9ad00000,0x000000cd9ae00000]
Native frames: (J=compiled Java code, j=interpreted, Vv=VM code, C=native code)
V  [jvm.dll+0x5f867a]
V  [jvm.dll+0x78124e]
V  [jvm.dll+0x78291f]
V  [jvm.dll+0x782fe3]
V  [jvm.dll+0x246e88]
V  [jvm.dll+0x5f582a]
V  [jvm.dll+0x5ea325]
V  [jvm.dll+0x2fbc5c]
V  [jvm.dll+0x2fbae2]
V  [jvm.dll+0x300796]
V  [jvm.dll+0x34550f]
V  [jvm.dll+0x344f40]
V  [jvm.dll+0x2d8e88]
V  [jvm.dll+0x2d9fd6]
V  [jvm.dll+0x75c8a7]
V  [jvm.dll+0x75e02f]
V  [jvm.dll+0x352289]
V  [jvm.dll+0x73f990]
V  [jvm.dll+0x3b9c3f]
V  [jvm.dll+0x3bc141]
C  [jli.dll+0x5207]
C  [ucrtbase.dll+0x21bb2]
C  [KERNEL32.DLL+0x174b4]
C  [ntdll.dll+0x526a1]


---------------  P R O C E S S  ---------------

Threads class SMR info:
_java_thread_list=0x0000020919325c80, length=0, elements={
}

Java Threads: ( => current thread )

Other Threads:
  0x00000209198d2000 GCTaskThread "GC Thread#0" [stack: 0x000000cd9ae00000,0x000000cd9af00000] [id=9076]
  0x00000209198ec000 ConcurrentGCThread "G1 Main Marker" [stack: 0x000000cd9af00000,0x000000cd9b000000] [id=6928]
  0x00000209198ed800 ConcurrentGCThread "G1 Conc#0" [stack: 0x000000cd9b000000,0x000000cd9b100000] [id=13528]

[error occurred during error reporting (printing all threads), id 0xc0000005, EXCEPTION_ACCESS_VIOLATION (0xc0000005) at pc=0x00007fff644f8547]

VM state:not at safepoint (not fully initialized)

VM Mutex/Monitor currently owned by a thread:  ([mutex/lock_event])
[0x00000209198b5640] Heap_lock - owner thread: 0x00000209198ba800

Heap address: 0x00000000c1000000, size: 1008 MB, Compressed Oops mode: Non-zero based: 0x00000000c1000000
Narrow klass base: 0x0000000000000000, Narrow klass shift: 0

GC Heap History (0 events):
No events

Deoptimization events (0 events):
No events

Classes redefined (0 events):
No events

Internal exceptions (0 events):
No events

Events (1 events):
Event: 0.053 Loaded shared library C:\Program Files\Amazon Corretto\jdk11.0.11_9\bin\zip.dll


Dynamic libraries:
0x00007ff777920000 - 0x00007ff77792d000 	C:\Program Files\Amazon Corretto\jdk11.0.11_9\bin\java.exe
0x00007fff8b030000 - 0x00007fff8b228000 	C:\Windows\SYSTEM32\ntdll.dll
0x00007fff8a4d0000 - 0x00007fff8a58f000 	C:\Windows\System32\KERNEL32.DLL
0x00007fff88730000 - 0x00007fff88a02000 	C:\Windows\System32\KERNELBASE.dll
0x00007fff65610000 - 0x00007fff656d9000 	C:\Program Files\Bitdefender\Bitdefender Security\bdhkm\dlls_266171711356750398\bdhkm64.dll
0x00007fff654e0000 - 0x00007fff6560a000 	C:\Program Files\Bitdefender\Bitdefender Security\atcuf\dlls_266190133786391870\atcuf64.dll
0x00007fff88a60000 - 0x00007fff88b60000 	C:\Windows\System32\ucrtbase.dll
0x00007fff67f70000 - 0x00007fff67f87000 	C:\Program Files\Amazon Corretto\jdk11.0.11_9\bin\jli.dll
0x00007fff8a280000 - 0x00007fff8a41d000 	C:\Windows\System32\USER32.dll
0x00007fff89050000 - 0x00007fff89072000 	C:\Windows\System32\win32u.dll
0x00007fff8a040000 - 0x00007fff8a06b000 	C:\Windows\System32\GDI32.dll
0x00007fff88cc0000 - 0x00007fff88dcf000 	C:\Windows\System32\gdi32full.dll
0x00007fff88fb0000 - 0x00007fff8904d000 	C:\Windows\System32\msvcp_win.dll
0x00007fff67ef0000 - 0x00007fff67f09000 	C:\Program Files\Amazon Corretto\jdk11.0.11_9\bin\VCRUNTIME140.dll
0x00007fff74540000 - 0x00007fff747da000 	C:\Windows\WinSxS\amd64_microsoft.windows.common-controls_6595b64144ccf1df_6.0.19041.1110_none_60b5254171f9507e\COMCTL32.dll
0x00007fff8aed0000 - 0x00007fff8af6e000 	C:\Windows\System32\msvcrt.dll
0x00007fff89fe0000 - 0x00007fff8a012000 	C:\Windows\System32\IMM32.DLL
0x00007fff67750000 - 0x00007fff677eb000 	C:\Program Files\Amazon Corretto\jdk11.0.11_9\bin\msvcp140.dll
0x00007fff64210000 - 0x00007fff64d5c000 	C:\Program Files\Amazon Corretto\jdk11.0.11_9\bin\server\jvm.dll
0x00007fff89c30000 - 0x00007fff89cde000 	C:\Windows\System32\ADVAPI32.dll
0x00007fff893e0000 - 0x00007fff8947c000 	C:\Windows\System32\sechost.dll
0x00007fff8a720000 - 0x00007fff8a845000 	C:\Windows\System32\RPCRT4.dll
0x00007fff8a030000 - 0x00007fff8a038000 	C:\Windows\System32\PSAPI.DLL
0x00007fff67740000 - 0x00007fff67749000 	C:\Windows\SYSTEM32\WSOCK32.dll
0x00007fff89ce0000 - 0x00007fff89d4b000 	C:\Windows\System32\WS2_32.dll
0x00007fff81640000 - 0x00007fff81667000 	C:\Windows\SYSTEM32\WINMM.dll
0x00007fff80200000 - 0x00007fff8020a000 	C:\Windows\SYSTEM32\VERSION.dll
0x00007fff865f0000 - 0x00007fff86602000 	C:\Windows\SYSTEM32\kernel.appcore.dll
0x00007fff67710000 - 0x00007fff67720000 	C:\Program Files\Amazon Corretto\jdk11.0.11_9\bin\verify.dll
0x00007fff85ec0000 - 0x00007fff860a4000 	C:\Windows\SYSTEM32\DBGHELP.DLL
0x00007fff68080000 - 0x00007fff680ac000 	C:\Windows\SYSTEM32\dbgcore.DLL
0x00007fff88dd0000 - 0x00007fff88e52000 	C:\Windows\System32\bcryptPrimitives.dll
0x00007fff63fd0000 - 0x00007fff63ff8000 	C:\Program Files\Amazon Corretto\jdk11.0.11_9\bin\java.dll
0x00007fff63fc0000 - 0x00007fff63fca000 	C:\Program Files\Amazon Corretto\jdk11.0.11_9\bin\jimage.dll
0x00007fff63fa0000 - 0x00007fff63fb7000 	C:\Program Files\Amazon Corretto\jdk11.0.11_9\bin\zip.dll

dbghelp: loaded successfully - version: 4.0.5 - missing functions: none
symbol engine: initialized successfully - sym options: 0x614 - pdb path: .;C:\Program Files\Amazon Corretto\jdk11.0.11_9\bin;C:\Windows\SYSTEM32;C:\Program Files\Bitdefender\Bitdefender Security\bdhkm\dlls_266171711356750398;C:\Program Files\Bitdefender\Bitdefender Security\atcuf\dlls_266190133786391870;C:\Windows\WinSxS\amd64_microsoft.windows.common-controls_6595b64144ccf1df_6.0.19041.1110_none_60b5254171f9507e;C:\Program Files\Amazon Corretto\jdk11.0.11_9\bin\server

VM Arguments:
jvm_args: -Dclassworlds.conf=C:\Program Files\apache-maven-3.8.6\bin\m2.conf -Dmaven.home=C:\Program Files\apache-maven-3.8.6 -Dlibrary.jansi.path=C:\Program Files\apache-maven-3.8.6\lib\jansi-native -Dmaven.multiModuleProjectDirectory=D:\QSPIDERS (QS)\Courses\Advanced Selenium\Chaitra maam\AdvanceSeleniumWorkspace\Vtiger.WASM6.Framework 
java_command: org.codehaus.plexus.classworlds.launcher.Launcher clean
java_class_path (initial): C:\Program Files\apache-maven-3.8.6\boot\plexus-classworlds-2.6.0.jar
Launcher Type: SUN_STANDARD

[Global flags]
     intx CICompilerCount                          = 3                                         {product} {ergonomic}
     uint ConcGCThreads                            = 1                                         {product} {ergonomic}
     uint G1ConcRefinementThreads                  = 4                                         {product} {ergonomic}
   size_t G1HeapRegionSize                         = 1048576                                   {product} {ergonomic}
    uintx GCDrainStackTargetSize                   = 64                                        {product} {ergonomic}
   size_t InitialHeapSize                          = 67108864                                  {product} {ergonomic}
   size_t MarkStackSize                            = 4194304                                   {product} {ergonomic}
   size_t MaxHeapSize                              = 1056964608                                {product} {ergonomic}
   size_t MinHeapDeltaBytes                        = 1048576                                   {product} {ergonomic}
    uintx NonNMethodCodeHeapSize                   = 5830732                                {pd product} {ergonomic}
    uintx NonProfiledCodeHeapSize                  = 122913754                              {pd product} {ergonomic}
    uintx ProfiledCodeHeapSize                     = 122913754                              {pd product} {ergonomic}
    uintx ReservedCodeCacheSize                    = 251658240                              {pd product} {ergonomic}
     bool SegmentedCodeCache                       = true                                      {product} {ergonomic}
     bool UseCompressedClassPointers               = true                                 {lp64_product} {ergonomic}
     bool UseCompressedOops                        = true                                 {lp64_product} {ergonomic}
     bool UseG1GC                                  = true                                      {product} {ergonomic}
     bool UseLargePagesIndividualAllocation        = false                                  {pd product} {ergonomic}

Logging:
Log output configuration:
 #0: stdout all=warning uptime,level,tags
 #1: stderr all=off uptime,level,tags

Environment Variables:
JAVA_HOME=C:\Program Files\Amazon Corretto\jdk11.0.11_9
PATH=C:\Program Files\Common Files\Oracle\Java\javapath;E:\oracle\product\10.2.0\db_1\bin;C:\Program Files\Oracle 10g DB\oracle\product\10.2.0\db_1\bin;C:\Program Files\Amazon Corretto\jdk11.0.11_9\bin;%JAVA_HOME%\bin;C:\Windows\system32;C:\Windows;C:\Windows\System32\Wbem;C:\Windows\System32\WindowsPowerShell\v1.0\;C:\Windows\System32\OpenSSH\;C:\Program Files\apache-maven-3.8.6\bin;%M2_HOME%\bin;%MAVEN_HOME%\bin;C:\Program Files\SourceGear\Common\DiffMerge\;C:\Program Files\Git\cmd;C:\Program Files\dotnet\;C:\Program Files\MySQL\MySQL Server 5.5\bin;C:\Program Files\nodejs\;C:\Users\haris\anaconda3;C:\Users\haris\anaconda3\Library\mingw-w64\bin;C:\Users\haris\anaconda3\Library\usr\bin;C:\Users\haris\anaconda3\Library\bin;C:\Users\haris\anaconda3\Scripts;C:\Users\haris\AppData\Local\Microsoft\WindowsApps;C:\Users\haris\AppData\Local\Programs\Microsoft VS Code\bin;C:\Users\haris\AppData\Roaming\npm
USERNAME=haris
OS=Windows_NT
PROCESSOR_IDENTIFIER=Intel64 Family 6 Model 69 Stepping 1, GenuineIntel



---------------  S Y S T E M  ---------------

OS: Windows 10 , 64 bit Build 19041 (10.0.19041.2251)
OS uptime: 5 days 15:24 hours

CPU:total 4 (initial active 4) (2 cores per cpu, 2 threads per core) family 6 model 69 stepping 1 microcode 0x25, cmov, cx8, fxsr, mmx, sse, sse2, sse3, ssse3, sse4.1, sse4.2, popcnt, avx, avx2, aes, clmul, erms, lzcnt, ht, tsc, tscinvbit, bmi1, bmi2, fma

Memory: 4k page, system-wide physical 4026M (565M free)
TotalPageFile size 32046M (AvailPageFile size 43M)
current process WorkingSet (physical memory assigned to process): 12M, peak: 12M
current process commit charge ("private bytes"): 54M, peak: 117M

vm_info: OpenJDK 64-Bit Server VM (11.0.11+9-LTS) for windows-amd64 JRE (11.0.11+9-LTS), built on Apr 14 2021 00:00:20 by "Administrator" with MS VC++ 15.9 (VS2017)

END.
